{"/home/edyta/Pulpit/repos/anime-radar/src/main.tsx": {"path":"/home/edyta/Pulpit/repos/anime-radar/src/main.tsx","all":true,"statementMap":{"0":{"start":{"line":1,"column":0},"end":{"line":1,"column":67}},"1":{"start":{"line":2,"column":0},"end":{"line":2,"column":73}},"2":{"start":{"line":3,"column":0},"end":{"line":3,"column":68}},"3":{"start":{"line":4,"column":0},"end":{"line":4,"column":42}},"4":{"start":{"line":5,"column":0},"end":{"line":5,"column":26}},"5":{"start":{"line":6,"column":0},"end":{"line":6,"column":40}},"6":{"start":{"line":7,"column":0},"end":{"line":7,"column":71}},"7":{"start":{"line":8,"column":0},"end":{"line":8,"column":30}},"8":{"start":{"line":9,"column":0},"end":{"line":9,"column":28}},"9":{"start":{"line":10,"column":0},"end":{"line":10,"column":38}},"11":{"start":{"line":12,"column":0},"end":{"line":12,"column":43}},"13":{"start":{"line":14,"column":0},"end":{"line":14,"column":75}},"14":{"start":{"line":15,"column":0},"end":{"line":15,"column":20}},"15":{"start":{"line":16,"column":0},"end":{"line":16,"column":46}},"16":{"start":{"line":17,"column":0},"end":{"line":17,"column":36}},"17":{"start":{"line":18,"column":0},"end":{"line":18,"column":76}},"18":{"start":{"line":19,"column":0},"end":{"line":19,"column":42}},"19":{"start":{"line":20,"column":0},"end":{"line":20,"column":30}},"20":{"start":{"line":21,"column":0},"end":{"line":21,"column":23}},"21":{"start":{"line":22,"column":0},"end":{"line":22,"column":26}},"22":{"start":{"line":23,"column":0},"end":{"line":23,"column":21}},"23":{"start":{"line":24,"column":0},"end":{"line":24,"column":2}}},"s":{"0":0,"1":0,"2":0,"3":0,"4":0,"5":0,"6":0,"7":0,"8":0,"9":0,"11":0,"13":0,"14":0,"15":0,"16":0,"17":0,"18":0,"19":0,"20":0,"21":0,"22":0,"23":0},"branchMap":{"0":{"type":"branch","line":1,"loc":{"start":{"line":1,"column":946},"end":{"line":24,"column":2}},"locations":[{"start":{"line":1,"column":946},"end":{"line":24,"column":2}}]}},"b":{"0":[0]},"fnMap":{"0":{"name":"(empty-report)","decl":{"start":{"line":1,"column":946},"end":{"line":24,"column":2}},"loc":{"start":{"line":1,"column":946},"end":{"line":24,"column":2}},"line":1}},"f":{"0":0}}
,"/home/edyta/Pulpit/repos/anime-radar/src/routes.tsx": {"path":"/home/edyta/Pulpit/repos/anime-radar/src/routes.tsx","all":false,"statementMap":{"0":{"start":{"line":1,"column":0},"end":{"line":1,"column":59}},"1":{"start":{"line":2,"column":0},"end":{"line":2,"column":42}},"2":{"start":{"line":3,"column":0},"end":{"line":3,"column":40}},"3":{"start":{"line":4,"column":0},"end":{"line":4,"column":36}},"5":{"start":{"line":6,"column":0},"end":{"line":6,"column":16}},"6":{"start":{"line":7,"column":0},"end":{"line":7,"column":3}},"7":{"start":{"line":8,"column":0},"end":{"line":8,"column":14}},"8":{"start":{"line":9,"column":0},"end":{"line":9,"column":24}},"9":{"start":{"line":10,"column":0},"end":{"line":10,"column":32}},"10":{"start":{"line":11,"column":0},"end":{"line":11,"column":15}},"11":{"start":{"line":12,"column":0},"end":{"line":12,"column":45}},"12":{"start":{"line":13,"column":0},"end":{"line":13,"column":58}},"13":{"start":{"line":14,"column":0},"end":{"line":14,"column":6}},"14":{"start":{"line":15,"column":0},"end":{"line":15,"column":4}},"15":{"start":{"line":16,"column":0},"end":{"line":16,"column":2}},"17":{"start":{"line":18,"column":0},"end":{"line":18,"column":22}}},"s":{"0":1,"1":1,"2":1,"3":1,"5":1,"6":1,"7":1,"8":1,"9":1,"10":1,"11":1,"12":1,"13":1,"14":1,"15":1,"17":1},"branchMap":{},"b":{},"fnMap":{},"f":{}}
,"/home/edyta/Pulpit/repos/anime-radar/src/store.ts": {"path":"/home/edyta/Pulpit/repos/anime-radar/src/store.ts","all":false,"statementMap":{"0":{"start":{"line":1,"column":0},"end":{"line":1,"column":33}},"20":{"start":{"line":21,"column":0},"end":{"line":21,"column":69}},"21":{"start":{"line":22,"column":0},"end":{"line":22,"column":15}},"22":{"start":{"line":23,"column":0},"end":{"line":23,"column":26}},"23":{"start":{"line":24,"column":0},"end":{"line":24,"column":4}},"24":{"start":{"line":25,"column":0},"end":{"line":25,"column":28}},"25":{"start":{"line":26,"column":0},"end":{"line":26,"column":21}},"26":{"start":{"line":27,"column":0},"end":{"line":27,"column":19}},"27":{"start":{"line":28,"column":0},"end":{"line":28,"column":28}},"28":{"start":{"line":29,"column":0},"end":{"line":29,"column":23}},"29":{"start":{"line":30,"column":0},"end":{"line":30,"column":19}},"30":{"start":{"line":31,"column":0},"end":{"line":31,"column":20}},"31":{"start":{"line":32,"column":0},"end":{"line":32,"column":19}},"32":{"start":{"line":33,"column":0},"end":{"line":33,"column":17}},"33":{"start":{"line":34,"column":0},"end":{"line":34,"column":8}},"34":{"start":{"line":35,"column":0},"end":{"line":35,"column":8}},"35":{"start":{"line":36,"column":0},"end":{"line":36,"column":26}},"36":{"start":{"line":37,"column":0},"end":{"line":37,"column":21}},"37":{"start":{"line":38,"column":0},"end":{"line":38,"column":72}},"38":{"start":{"line":39,"column":0},"end":{"line":39,"column":8}},"39":{"start":{"line":40,"column":0},"end":{"line":40,"column":26}},"40":{"start":{"line":41,"column":0},"end":{"line":41,"column":21}},"41":{"start":{"line":42,"column":0},"end":{"line":42,"column":72}},"42":{"start":{"line":43,"column":0},"end":{"line":43,"column":8}},"43":{"start":{"line":44,"column":0},"end":{"line":44,"column":22}},"44":{"start":{"line":45,"column":0},"end":{"line":45,"column":21}},"45":{"start":{"line":46,"column":0},"end":{"line":46,"column":66}},"46":{"start":{"line":47,"column":0},"end":{"line":47,"column":8}},"47":{"start":{"line":48,"column":0},"end":{"line":48,"column":26}},"48":{"start":{"line":49,"column":0},"end":{"line":49,"column":21}},"49":{"start":{"line":50,"column":0},"end":{"line":50,"column":70}},"50":{"start":{"line":51,"column":0},"end":{"line":51,"column":8}},"51":{"start":{"line":52,"column":0},"end":{"line":52,"column":17}},"52":{"start":{"line":53,"column":0},"end":{"line":53,"column":16}},"53":{"start":{"line":54,"column":0},"end":{"line":54,"column":19}},"54":{"start":{"line":55,"column":0},"end":{"line":55,"column":19}},"55":{"start":{"line":56,"column":0},"end":{"line":56,"column":19}},"56":{"start":{"line":57,"column":0},"end":{"line":57,"column":19}},"57":{"start":{"line":58,"column":0},"end":{"line":58,"column":17}},"58":{"start":{"line":59,"column":0},"end":{"line":59,"column":30}},"59":{"start":{"line":60,"column":0},"end":{"line":60,"column":8}},"60":{"start":{"line":61,"column":0},"end":{"line":61,"column":8}},"61":{"start":{"line":62,"column":0},"end":{"line":62,"column":4}},"63":{"start":{"line":64,"column":0},"end":{"line":64,"column":34}}},"s":{"0":1,"20":1,"21":10,"22":10,"23":10,"24":10,"25":5,"26":5,"27":5,"28":5,"29":5,"30":5,"31":5,"32":5,"33":5,"34":5,"35":10,"36":4,"37":4,"38":4,"39":10,"40":2,"41":2,"42":2,"43":10,"44":4,"45":4,"46":4,"47":10,"48":3,"49":3,"50":3,"51":10,"52":1,"53":1,"54":1,"55":1,"56":1,"57":1,"58":1,"59":1,"60":1,"61":1,"63":1},"branchMap":{"0":{"type":"branch","line":21,"loc":{"start":{"line":21,"column":58},"end":{"line":62,"column":2}},"locations":[{"start":{"line":21,"column":58},"end":{"line":62,"column":2}}]},"1":{"type":"branch","line":25,"loc":{"start":{"line":25,"column":17},"end":{"line":35,"column":8}},"locations":[{"start":{"line":25,"column":17},"end":{"line":35,"column":8}}]},"2":{"type":"branch","line":26,"loc":{"start":{"line":26,"column":8},"end":{"line":35,"column":6}},"locations":[{"start":{"line":26,"column":8},"end":{"line":35,"column":6}}]},"3":{"type":"branch","line":36,"loc":{"start":{"line":36,"column":14},"end":{"line":39,"column":8}},"locations":[{"start":{"line":36,"column":14},"end":{"line":39,"column":8}}]},"4":{"type":"branch","line":37,"loc":{"start":{"line":37,"column":8},"end":{"line":39,"column":6}},"locations":[{"start":{"line":37,"column":8},"end":{"line":39,"column":6}}]},"5":{"type":"branch","line":40,"loc":{"start":{"line":40,"column":14},"end":{"line":43,"column":8}},"locations":[{"start":{"line":40,"column":14},"end":{"line":43,"column":8}}]},"6":{"type":"branch","line":41,"loc":{"start":{"line":41,"column":8},"end":{"line":43,"column":6}},"locations":[{"start":{"line":41,"column":8},"end":{"line":43,"column":6}}]},"7":{"type":"branch","line":44,"loc":{"start":{"line":44,"column":13},"end":{"line":47,"column":8}},"locations":[{"start":{"line":44,"column":13},"end":{"line":47,"column":8}}]},"8":{"type":"branch","line":45,"loc":{"start":{"line":45,"column":8},"end":{"line":47,"column":6}},"locations":[{"start":{"line":45,"column":8},"end":{"line":47,"column":6}}]},"9":{"type":"branch","line":48,"loc":{"start":{"line":48,"column":15},"end":{"line":51,"column":8}},"locations":[{"start":{"line":48,"column":15},"end":{"line":51,"column":8}}]},"10":{"type":"branch","line":49,"loc":{"start":{"line":49,"column":8},"end":{"line":51,"column":6}},"locations":[{"start":{"line":49,"column":8},"end":{"line":51,"column":6}}]},"11":{"type":"branch","line":52,"loc":{"start":{"line":52,"column":12},"end":{"line":61,"column":8}},"locations":[{"start":{"line":52,"column":12},"end":{"line":61,"column":8}}]},"12":{"type":"branch","line":53,"loc":{"start":{"line":53,"column":8},"end":{"line":61,"column":6}},"locations":[{"start":{"line":53,"column":8},"end":{"line":61,"column":6}}]}},"b":{"0":[10],"1":[5],"2":[5],"3":[4],"4":[4],"5":[2],"6":[2],"7":[4],"8":[4],"9":[3],"10":[3],"11":[1],"12":[1]},"fnMap":{"0":{"name":"setSearchText","decl":{"start":{"line":25,"column":17},"end":{"line":35,"column":8}},"loc":{"start":{"line":25,"column":17},"end":{"line":35,"column":8}},"line":25},"1":{"name":"setGenreId","decl":{"start":{"line":36,"column":14},"end":{"line":39,"column":8}},"loc":{"start":{"line":36,"column":14},"end":{"line":39,"column":8}},"line":36},"2":{"name":"setOrderBy","decl":{"start":{"line":40,"column":14},"end":{"line":43,"column":8}},"loc":{"start":{"line":40,"column":14},"end":{"line":43,"column":8}},"line":40},"3":{"name":"setTypeTo","decl":{"start":{"line":44,"column":13},"end":{"line":47,"column":8}},"loc":{"start":{"line":44,"column":13},"end":{"line":47,"column":8}},"line":44},"4":{"name":"setStatusTo","decl":{"start":{"line":48,"column":15},"end":{"line":51,"column":8}},"loc":{"start":{"line":48,"column":15},"end":{"line":51,"column":8}},"line":48},"5":{"name":"resetAll","decl":{"start":{"line":52,"column":12},"end":{"line":61,"column":8}},"loc":{"start":{"line":52,"column":12},"end":{"line":61,"column":8}},"line":52}},"f":{"0":5,"1":4,"2":2,"3":4,"4":3,"5":1}}
,"/home/edyta/Pulpit/repos/anime-radar/src/theme.ts": {"path":"/home/edyta/Pulpit/repos/anime-radar/src/theme.ts","all":true,"statementMap":{"0":{"start":{"line":1,"column":0},"end":{"line":1,"column":8}},"8":{"start":{"line":9,"column":0},"end":{"line":9,"column":26}},"9":{"start":{"line":10,"column":0},"end":{"line":10,"column":47}},"10":{"start":{"line":11,"column":0},"end":{"line":11,"column":46}},"12":{"start":{"line":13,"column":0},"end":{"line":13,"column":29}},"13":{"start":{"line":14,"column":0},"end":{"line":14,"column":27}},"14":{"start":{"line":15,"column":0},"end":{"line":15,"column":2}},"15":{"start":{"line":16,"column":0},"end":{"line":16,"column":15}},"16":{"start":{"line":17,"column":0},"end":{"line":17,"column":37}},"17":{"start":{"line":18,"column":0},"end":{"line":18,"column":34}},"18":{"start":{"line":19,"column":0},"end":{"line":19,"column":2}},"19":{"start":{"line":20,"column":0},"end":{"line":20,"column":21}},"20":{"start":{"line":21,"column":0},"end":{"line":21,"column":14}},"21":{"start":{"line":22,"column":0},"end":{"line":22,"column":14}},"22":{"start":{"line":23,"column":0},"end":{"line":23,"column":14}},"23":{"start":{"line":24,"column":0},"end":{"line":24,"column":15}},"24":{"start":{"line":25,"column":0},"end":{"line":25,"column":15}},"25":{"start":{"line":26,"column":0},"end":{"line":26,"column":18}},"26":{"start":{"line":27,"column":0},"end":{"line":27,"column":2}},"28":{"start":{"line":29,"column":0},"end":{"line":29,"column":16}},"29":{"start":{"line":30,"column":0},"end":{"line":30,"column":43}},"30":{"start":{"line":31,"column":0},"end":{"line":31,"column":11}},"31":{"start":{"line":32,"column":0},"end":{"line":32,"column":46}},"32":{"start":{"line":33,"column":0},"end":{"line":33,"column":6}},"33":{"start":{"line":34,"column":0},"end":{"line":34,"column":5}},"34":{"start":{"line":35,"column":0},"end":{"line":35,"column":2}},"35":{"start":{"line":36,"column":0},"end":{"line":36,"column":66}},"36":{"start":{"line":37,"column":0},"end":{"line":37,"column":21}}},"s":{"0":0,"8":0,"9":0,"10":0,"12":0,"13":0,"14":0,"15":0,"16":0,"17":0,"18":0,"19":0,"20":0,"21":0,"22":0,"23":0,"24":0,"25":0,"26":0,"28":0,"29":0,"30":0,"31":0,"32":0,"33":0,"34":0,"35":0,"36":0},"branchMap":{"0":{"type":"branch","line":1,"loc":{"start":{"line":1,"column":0},"end":{"line":37,"column":-61}},"locations":[{"start":{"line":1,"column":0},"end":{"line":37,"column":-61}}]}},"b":{"0":[0]},"fnMap":{"0":{"name":"(empty-report)","decl":{"start":{"line":1,"column":0},"end":{"line":37,"column":-61}},"loc":{"start":{"line":1,"column":0},"end":{"line":37,"column":-61}},"line":1}},"f":{"0":0}}
,"/home/edyta/Pulpit/repos/anime-radar/src/components/AnimeCard.tsx": {"path":"/home/edyta/Pulpit/repos/anime-radar/src/components/AnimeCard.tsx","all":false,"statementMap":{"0":{"start":{"line":1,"column":0},"end":{"line":1,"column":8}},"10":{"start":{"line":11,"column":0},"end":{"line":11,"column":26}},"11":{"start":{"line":12,"column":0},"end":{"line":12,"column":40}},"13":{"start":{"line":14,"column":0},"end":{"line":14,"column":40}},"19":{"start":{"line":20,"column":0},"end":{"line":20,"column":52}},"20":{"start":{"line":21,"column":0},"end":{"line":21,"column":76}},"21":{"start":{"line":22,"column":0},"end":{"line":22,"column":23}},"22":{"start":{"line":23,"column":0},"end":{"line":23,"column":75}},"23":{"start":{"line":24,"column":0},"end":{"line":24,"column":41}},"24":{"start":{"line":25,"column":0},"end":{"line":25,"column":46}},"25":{"start":{"line":26,"column":0},"end":{"line":26,"column":35}},"26":{"start":{"line":27,"column":0},"end":{"line":27,"column":10}},"27":{"start":{"line":28,"column":0},"end":{"line":28,"column":57}},"29":{"start":{"line":30,"column":0},"end":{"line":30,"column":15}},"30":{"start":{"line":31,"column":0},"end":{"line":31,"column":19}},"31":{"start":{"line":32,"column":0},"end":{"line":32,"column":41}},"32":{"start":{"line":33,"column":0},"end":{"line":33,"column":22}},"33":{"start":{"line":34,"column":0},"end":{"line":34,"column":24}},"34":{"start":{"line":35,"column":0},"end":{"line":35,"column":25}},"35":{"start":{"line":36,"column":0},"end":{"line":36,"column":38}},"37":{"start":{"line":38,"column":0},"end":{"line":38,"column":61}},"38":{"start":{"line":39,"column":0},"end":{"line":39,"column":16}},"39":{"start":{"line":40,"column":0},"end":{"line":40,"column":29}},"40":{"start":{"line":41,"column":0},"end":{"line":41,"column":31}},"41":{"start":{"line":42,"column":0},"end":{"line":42,"column":51}},"42":{"start":{"line":43,"column":0},"end":{"line":43,"column":19}},"43":{"start":{"line":44,"column":0},"end":{"line":44,"column":22}},"44":{"start":{"line":45,"column":0},"end":{"line":45,"column":47}},"45":{"start":{"line":46,"column":0},"end":{"line":46,"column":60}},"46":{"start":{"line":47,"column":0},"end":{"line":47,"column":27}},"47":{"start":{"line":48,"column":0},"end":{"line":48,"column":20}},"49":{"start":{"line":50,"column":0},"end":{"line":50,"column":72}},"50":{"start":{"line":51,"column":0},"end":{"line":51,"column":17}},"51":{"start":{"line":52,"column":0},"end":{"line":52,"column":17}},"53":{"start":{"line":54,"column":0},"end":{"line":54,"column":15}},"54":{"start":{"line":55,"column":0},"end":{"line":55,"column":22}},"55":{"start":{"line":56,"column":0},"end":{"line":56,"column":22}},"56":{"start":{"line":57,"column":0},"end":{"line":57,"column":18}},"57":{"start":{"line":58,"column":0},"end":{"line":58,"column":24}},"58":{"start":{"line":59,"column":0},"end":{"line":59,"column":63}},"59":{"start":{"line":60,"column":0},"end":{"line":60,"column":34}},"60":{"start":{"line":61,"column":0},"end":{"line":61,"column":31}},"61":{"start":{"line":62,"column":0},"end":{"line":62,"column":21}},"62":{"start":{"line":63,"column":0},"end":{"line":63,"column":23}},"63":{"start":{"line":64,"column":0},"end":{"line":64,"column":25}},"64":{"start":{"line":65,"column":0},"end":{"line":65,"column":22}},"65":{"start":{"line":66,"column":0},"end":{"line":66,"column":25}},"66":{"start":{"line":67,"column":0},"end":{"line":67,"column":38}},"67":{"start":{"line":68,"column":0},"end":{"line":68,"column":10}},"68":{"start":{"line":69,"column":0},"end":{"line":69,"column":22}},"69":{"start":{"line":70,"column":0},"end":{"line":70,"column":26}},"70":{"start":{"line":71,"column":0},"end":{"line":71,"column":28}},"71":{"start":{"line":72,"column":0},"end":{"line":72,"column":41}},"72":{"start":{"line":73,"column":0},"end":{"line":73,"column":10}},"74":{"start":{"line":75,"column":0},"end":{"line":75,"column":35}},"75":{"start":{"line":76,"column":0},"end":{"line":76,"column":49}},"76":{"start":{"line":77,"column":0},"end":{"line":77,"column":27}},"77":{"start":{"line":78,"column":0},"end":{"line":78,"column":20}},"78":{"start":{"line":79,"column":0},"end":{"line":79,"column":18}},"80":{"start":{"line":81,"column":0},"end":{"line":81,"column":68}},"81":{"start":{"line":82,"column":0},"end":{"line":82,"column":72}},"82":{"start":{"line":83,"column":0},"end":{"line":83,"column":79}},"83":{"start":{"line":84,"column":0},"end":{"line":84,"column":38}},"84":{"start":{"line":85,"column":0},"end":{"line":85,"column":17}},"85":{"start":{"line":86,"column":0},"end":{"line":86,"column":80}},"86":{"start":{"line":87,"column":0},"end":{"line":87,"column":34}},"87":{"start":{"line":88,"column":0},"end":{"line":88,"column":17}},"88":{"start":{"line":89,"column":0},"end":{"line":89,"column":17}},"90":{"start":{"line":91,"column":0},"end":{"line":91,"column":48}},"91":{"start":{"line":92,"column":0},"end":{"line":92,"column":28}},"92":{"start":{"line":93,"column":0},"end":{"line":93,"column":15}},"93":{"start":{"line":94,"column":0},"end":{"line":94,"column":44}},"94":{"start":{"line":95,"column":0},"end":{"line":95,"column":77}},"96":{"start":{"line":97,"column":0},"end":{"line":97,"column":19}},"97":{"start":{"line":98,"column":0},"end":{"line":98,"column":15}},"98":{"start":{"line":99,"column":0},"end":{"line":99,"column":17}},"99":{"start":{"line":100,"column":0},"end":{"line":100,"column":11}},"101":{"start":{"line":102,"column":0},"end":{"line":102,"column":2}},"103":{"start":{"line":104,"column":0},"end":{"line":104,"column":25}}},"s":{"0":1,"10":1,"11":1,"13":1,"19":1,"20":57,"21":57,"22":57,"23":57,"24":57,"25":0,"26":57,"27":57,"29":57,"30":57,"31":57,"32":57,"33":57,"34":57,"35":57,"37":57,"38":57,"39":57,"40":57,"41":57,"42":57,"43":57,"44":57,"45":57,"46":57,"47":57,"49":57,"50":57,"51":57,"53":57,"54":57,"55":57,"56":57,"57":57,"58":57,"59":57,"60":57,"61":57,"62":57,"63":57,"64":57,"65":57,"66":57,"67":57,"68":57,"69":57,"70":57,"71":57,"72":57,"74":57,"75":57,"76":57,"77":57,"78":57,"80":57,"81":57,"82":57,"83":57,"84":57,"85":57,"86":57,"87":57,"88":57,"90":57,"91":57,"92":57,"93":57,"94":57,"96":57,"97":57,"98":57,"99":57,"101":57,"103":1},"branchMap":{"0":{"type":"branch","line":20,"loc":{"start":{"line":20,"column":18},"end":{"line":102,"column":2}},"locations":[{"start":{"line":20,"column":18},"end":{"line":102,"column":2}}]},"1":{"type":"branch","line":21,"loc":{"start":{"line":21,"column":48},"end":{"line":21,"column":76}},"locations":[{"start":{"line":21,"column":48},"end":{"line":21,"column":76}}]},"2":{"type":"branch","line":23,"loc":{"start":{"line":23,"column":23},"end":{"line":23,"column":65}},"locations":[{"start":{"line":23,"column":23},"end":{"line":23,"column":65}}]},"3":{"type":"branch","line":25,"loc":{"start":{"line":25,"column":41},"end":{"line":26,"column":35}},"locations":[{"start":{"line":25,"column":41},"end":{"line":26,"column":35}}]}},"b":{"0":[57],"1":[0],"2":[0],"3":[0]},"fnMap":{"0":{"name":"AnimeCard","decl":{"start":{"line":20,"column":18},"end":{"line":102,"column":2}},"loc":{"start":{"line":20,"column":18},"end":{"line":102,"column":2}},"line":20}},"f":{"0":57}}
,"/home/edyta/Pulpit/repos/anime-radar/src/components/AnimeCardCarousel.tsx": {"path":"/home/edyta/Pulpit/repos/anime-radar/src/components/AnimeCardCarousel.tsx","all":false,"statementMap":{"0":{"start":{"line":1,"column":0},"end":{"line":1,"column":78}},"1":{"start":{"line":2,"column":0},"end":{"line":2,"column":40}},"8":{"start":{"line":9,"column":0},"end":{"line":9,"column":48}},"9":{"start":{"line":10,"column":0},"end":{"line":10,"column":10}},"10":{"start":{"line":11,"column":0},"end":{"line":11,"column":6}},"11":{"start":{"line":12,"column":0},"end":{"line":12,"column":77}},"12":{"start":{"line":13,"column":0},"end":{"line":13,"column":13}},"13":{"start":{"line":14,"column":0},"end":{"line":14,"column":19}},"14":{"start":{"line":15,"column":0},"end":{"line":15,"column":26}},"15":{"start":{"line":16,"column":0},"end":{"line":16,"column":32}},"16":{"start":{"line":17,"column":0},"end":{"line":17,"column":36}},"17":{"start":{"line":18,"column":0},"end":{"line":18,"column":30}},"18":{"start":{"line":19,"column":0},"end":{"line":19,"column":12}},"19":{"start":{"line":20,"column":0},"end":{"line":20,"column":29}},"20":{"start":{"line":21,"column":0},"end":{"line":21,"column":29}},"21":{"start":{"line":22,"column":0},"end":{"line":22,"column":27}},"23":{"start":{"line":24,"column":0},"end":{"line":24,"column":37}},"24":{"start":{"line":25,"column":0},"end":{"line":25,"column":18}},"25":{"start":{"line":26,"column":0},"end":{"line":26,"column":31}},"26":{"start":{"line":27,"column":0},"end":{"line":27,"column":33}},"27":{"start":{"line":28,"column":0},"end":{"line":28,"column":52}},"28":{"start":{"line":29,"column":0},"end":{"line":29,"column":21}},"29":{"start":{"line":30,"column":0},"end":{"line":30,"column":24}},"30":{"start":{"line":31,"column":0},"end":{"line":31,"column":38}},"31":{"start":{"line":32,"column":0},"end":{"line":32,"column":57}},"32":{"start":{"line":33,"column":0},"end":{"line":33,"column":25}},"33":{"start":{"line":34,"column":0},"end":{"line":34,"column":40}},"34":{"start":{"line":35,"column":0},"end":{"line":35,"column":55}},"35":{"start":{"line":36,"column":0},"end":{"line":36,"column":30}},"36":{"start":{"line":37,"column":0},"end":{"line":37,"column":25}},"37":{"start":{"line":38,"column":0},"end":{"line":38,"column":22}},"38":{"start":{"line":39,"column":0},"end":{"line":39,"column":20}},"39":{"start":{"line":40,"column":0},"end":{"line":40,"column":15}},"40":{"start":{"line":41,"column":0},"end":{"line":41,"column":13}},"41":{"start":{"line":42,"column":0},"end":{"line":42,"column":7}},"43":{"start":{"line":44,"column":0},"end":{"line":44,"column":2}},"45":{"start":{"line":46,"column":0},"end":{"line":46,"column":33}}},"s":{"0":1,"1":1,"8":1,"9":17,"10":17,"11":17,"12":17,"13":17,"14":17,"15":17,"16":17,"17":17,"18":17,"19":17,"20":17,"21":17,"23":17,"24":17,"25":17,"26":17,"27":17,"28":17,"29":17,"30":17,"31":17,"32":17,"33":17,"34":0,"35":17,"36":0,"37":17,"38":17,"39":17,"40":17,"41":17,"43":17,"45":1},"branchMap":{"0":{"type":"branch","line":9,"loc":{"start":{"line":9,"column":26},"end":{"line":44,"column":2}},"locations":[{"start":{"line":9,"column":26},"end":{"line":44,"column":2}}]},"1":{"type":"branch","line":34,"loc":{"start":{"line":34,"column":38},"end":{"line":35,"column":55}},"locations":[{"start":{"line":34,"column":38},"end":{"line":35,"column":55}}]},"2":{"type":"branch","line":36,"loc":{"start":{"line":36,"column":25},"end":{"line":37,"column":25}},"locations":[{"start":{"line":36,"column":25},"end":{"line":37,"column":25}}]}},"b":{"0":[17],"1":[0],"2":[0]},"fnMap":{"0":{"name":"AnimeCardCarousel","decl":{"start":{"line":9,"column":26},"end":{"line":44,"column":2}},"loc":{"start":{"line":9,"column":26},"end":{"line":44,"column":2}},"line":9}},"f":{"0":17}}
,"/home/edyta/Pulpit/repos/anime-radar/src/components/AnimeCharacters.tsx": {"path":"/home/edyta/Pulpit/repos/anime-radar/src/components/AnimeCharacters.tsx","all":false,"statementMap":{"0":{"start":{"line":1,"column":0},"end":{"line":1,"column":78}},"1":{"start":{"line":2,"column":0},"end":{"line":2,"column":51}},"7":{"start":{"line":8,"column":0},"end":{"line":8,"column":44}},"8":{"start":{"line":9,"column":0},"end":{"line":9,"column":70}},"9":{"start":{"line":10,"column":0},"end":{"line":10,"column":22}},"10":{"start":{"line":11,"column":0},"end":{"line":11,"column":20}},"11":{"start":{"line":12,"column":0},"end":{"line":12,"column":29}},"12":{"start":{"line":13,"column":0},"end":{"line":13,"column":25}},"14":{"start":{"line":15,"column":0},"end":{"line":15,"column":43}},"15":{"start":{"line":16,"column":0},"end":{"line":16,"column":44}},"16":{"start":{"line":17,"column":0},"end":{"line":17,"column":4}},"18":{"start":{"line":19,"column":0},"end":{"line":19,"column":27}},"19":{"start":{"line":20,"column":0},"end":{"line":20,"column":6}},"20":{"start":{"line":21,"column":0},"end":{"line":21,"column":40}},"22":{"start":{"line":23,"column":0},"end":{"line":23,"column":16}},"23":{"start":{"line":24,"column":0},"end":{"line":24,"column":44}},"24":{"start":{"line":25,"column":0},"end":{"line":25,"column":45}},"25":{"start":{"line":26,"column":0},"end":{"line":26,"column":18}},"26":{"start":{"line":27,"column":0},"end":{"line":27,"column":21}},"27":{"start":{"line":28,"column":0},"end":{"line":28,"column":28}},"28":{"start":{"line":29,"column":0},"end":{"line":29,"column":30}},"29":{"start":{"line":30,"column":0},"end":{"line":30,"column":33}},"30":{"start":{"line":31,"column":0},"end":{"line":31,"column":46}},"32":{"start":{"line":33,"column":0},"end":{"line":33,"column":20}},"33":{"start":{"line":34,"column":0},"end":{"line":34,"column":28}},"34":{"start":{"line":35,"column":0},"end":{"line":35,"column":32}},"35":{"start":{"line":36,"column":0},"end":{"line":36,"column":21}},"36":{"start":{"line":37,"column":0},"end":{"line":37,"column":38}},"37":{"start":{"line":38,"column":0},"end":{"line":38,"column":30}},"38":{"start":{"line":39,"column":0},"end":{"line":39,"column":63}},"39":{"start":{"line":40,"column":0},"end":{"line":40,"column":23}},"40":{"start":{"line":41,"column":0},"end":{"line":41,"column":46}},"41":{"start":{"line":42,"column":0},"end":{"line":42,"column":42}},"42":{"start":{"line":43,"column":0},"end":{"line":43,"column":21}},"43":{"start":{"line":44,"column":0},"end":{"line":44,"column":23}},"45":{"start":{"line":46,"column":0},"end":{"line":46,"column":11}},"46":{"start":{"line":47,"column":0},"end":{"line":47,"column":19}},"47":{"start":{"line":48,"column":0},"end":{"line":48,"column":7}},"48":{"start":{"line":49,"column":0},"end":{"line":49,"column":11}},"49":{"start":{"line":50,"column":0},"end":{"line":50,"column":2}},"51":{"start":{"line":52,"column":0},"end":{"line":52,"column":31}}},"s":{"0":1,"1":1,"7":1,"8":13,"9":13,"10":13,"11":13,"12":13,"14":13,"15":13,"16":13,"18":13,"19":8,"20":8,"22":8,"23":8,"24":8,"25":8,"26":8,"27":8,"28":8,"29":8,"30":8,"32":8,"33":8,"34":8,"35":8,"36":8,"37":8,"38":8,"39":8,"40":8,"41":8,"42":8,"43":8,"45":8,"46":8,"47":8,"48":0,"49":13,"51":1},"branchMap":{"0":{"type":"branch","line":8,"loc":{"start":{"line":8,"column":24},"end":{"line":50,"column":2}},"locations":[{"start":{"line":8,"column":24},"end":{"line":50,"column":2}}]},"1":{"type":"branch","line":12,"loc":{"start":{"line":12,"column":17},"end":{"line":13,"column":19}},"locations":[{"start":{"line":12,"column":17},"end":{"line":13,"column":19}}]},"2":{"type":"branch","line":12,"loc":{"start":{"line":12,"column":17},"end":{"line":12,"column":29}},"locations":[{"start":{"line":12,"column":17},"end":{"line":12,"column":29}}]},"3":{"type":"branch","line":12,"loc":{"start":{"line":12,"column":24},"end":{"line":13,"column":19}},"locations":[{"start":{"line":12,"column":24},"end":{"line":13,"column":19}}]},"4":{"type":"branch","line":13,"loc":{"start":{"line":13,"column":13},"end":{"line":13,"column":25}},"locations":[{"start":{"line":13,"column":13},"end":{"line":13,"column":25}}]},"5":{"type":"branch","line":13,"loc":{"start":{"line":13,"column":19},"end":{"line":15,"column":36}},"locations":[{"start":{"line":13,"column":19},"end":{"line":15,"column":36}}]},"6":{"type":"branch","line":19,"loc":{"start":{"line":19,"column":9},"end":{"line":48,"column":7}},"locations":[{"start":{"line":19,"column":9},"end":{"line":48,"column":7}}]},"7":{"type":"branch","line":48,"loc":{"start":{"line":48,"column":4},"end":{"line":49,"column":11}},"locations":[{"start":{"line":48,"column":4},"end":{"line":49,"column":11}}]},"8":{"type":"branch","line":16,"loc":{"start":{"line":16,"column":4},"end":{"line":16,"column":44}},"locations":[{"start":{"line":16,"column":4},"end":{"line":16,"column":44}}]},"9":{"type":"branch","line":25,"loc":{"start":{"line":25,"column":29},"end":{"line":46,"column":9}},"locations":[{"start":{"line":25,"column":29},"end":{"line":46,"column":9}}]}},"b":{"0":[13],"1":[12],"2":[5],"3":[8],"4":[0],"5":[8],"6":[8],"7":[0],"8":[8],"9":[8]},"fnMap":{"0":{"name":"AnimeCharacters","decl":{"start":{"line":8,"column":24},"end":{"line":50,"column":2}},"loc":{"start":{"line":8,"column":24},"end":{"line":50,"column":2}},"line":8}},"f":{"0":13}}
,"/home/edyta/Pulpit/repos/anime-radar/src/components/AnimeDetailInfo.tsx": {"path":"/home/edyta/Pulpit/repos/anime-radar/src/components/AnimeDetailInfo.tsx","all":false,"statementMap":{"0":{"start":{"line":1,"column":0},"end":{"line":1,"column":47}},"8":{"start":{"line":9,"column":0},"end":{"line":9,"column":70}},"9":{"start":{"line":10,"column":0},"end":{"line":10,"column":10}},"10":{"start":{"line":11,"column":0},"end":{"line":11,"column":6}},"11":{"start":{"line":12,"column":0},"end":{"line":12,"column":43}},"12":{"start":{"line":13,"column":0},"end":{"line":13,"column":21}},"13":{"start":{"line":14,"column":0},"end":{"line":14,"column":42}},"14":{"start":{"line":15,"column":0},"end":{"line":15,"column":32}},"15":{"start":{"line":16,"column":0},"end":{"line":16,"column":18}},"16":{"start":{"line":17,"column":0},"end":{"line":17,"column":17}},"17":{"start":{"line":18,"column":0},"end":{"line":18,"column":17}},"18":{"start":{"line":19,"column":0},"end":{"line":19,"column":42}},"19":{"start":{"line":20,"column":0},"end":{"line":20,"column":18}},"20":{"start":{"line":21,"column":0},"end":{"line":21,"column":18}},"21":{"start":{"line":22,"column":0},"end":{"line":22,"column":17}},"22":{"start":{"line":23,"column":0},"end":{"line":23,"column":19}},"23":{"start":{"line":24,"column":0},"end":{"line":24,"column":42}},"24":{"start":{"line":25,"column":0},"end":{"line":25,"column":20}},"25":{"start":{"line":26,"column":0},"end":{"line":26,"column":18}},"26":{"start":{"line":27,"column":0},"end":{"line":27,"column":17}},"27":{"start":{"line":28,"column":0},"end":{"line":28,"column":17}},"28":{"start":{"line":29,"column":0},"end":{"line":29,"column":42}},"29":{"start":{"line":30,"column":0},"end":{"line":30,"column":18}},"30":{"start":{"line":31,"column":0},"end":{"line":31,"column":18}},"31":{"start":{"line":32,"column":0},"end":{"line":32,"column":17}},"32":{"start":{"line":33,"column":0},"end":{"line":33,"column":13}},"33":{"start":{"line":34,"column":0},"end":{"line":34,"column":7}},"35":{"start":{"line":36,"column":0},"end":{"line":36,"column":2}},"37":{"start":{"line":38,"column":0},"end":{"line":38,"column":31}}},"s":{"0":1,"8":1,"9":9,"10":9,"11":9,"12":9,"13":9,"14":9,"15":9,"16":0,"17":9,"18":9,"19":9,"20":9,"21":0,"22":9,"23":9,"24":9,"25":9,"26":0,"27":9,"28":9,"29":9,"30":9,"31":0,"32":9,"33":9,"35":9,"37":1},"branchMap":{"0":{"type":"branch","line":9,"loc":{"start":{"line":9,"column":24},"end":{"line":36,"column":2}},"locations":[{"start":{"line":9,"column":24},"end":{"line":36,"column":2}}]},"1":{"type":"branch","line":16,"loc":{"start":{"line":16,"column":10},"end":{"line":17,"column":17}},"locations":[{"start":{"line":16,"column":10},"end":{"line":17,"column":17}}]},"2":{"type":"branch","line":21,"loc":{"start":{"line":21,"column":10},"end":{"line":22,"column":17}},"locations":[{"start":{"line":21,"column":10},"end":{"line":22,"column":17}}]},"3":{"type":"branch","line":26,"loc":{"start":{"line":26,"column":10},"end":{"line":27,"column":17}},"locations":[{"start":{"line":26,"column":10},"end":{"line":27,"column":17}}]},"4":{"type":"branch","line":31,"loc":{"start":{"line":31,"column":10},"end":{"line":32,"column":17}},"locations":[{"start":{"line":31,"column":10},"end":{"line":32,"column":17}}]}},"b":{"0":[9],"1":[0],"2":[0],"3":[0],"4":[0]},"fnMap":{"0":{"name":"AnimeDetailInfo","decl":{"start":{"line":9,"column":24},"end":{"line":36,"column":2}},"loc":{"start":{"line":9,"column":24},"end":{"line":36,"column":2}},"line":9}},"f":{"0":9}}
,"/home/edyta/Pulpit/repos/anime-radar/src/components/AnimeDetailPage.tsx": {"path":"/home/edyta/Pulpit/repos/anime-radar/src/components/AnimeDetailPage.tsx","all":false,"statementMap":{"0":{"start":{"line":1,"column":0},"end":{"line":1,"column":63}},"1":{"start":{"line":2,"column":0},"end":{"line":2,"column":45}},"2":{"start":{"line":3,"column":0},"end":{"line":3,"column":41}},"3":{"start":{"line":4,"column":0},"end":{"line":4,"column":48}},"4":{"start":{"line":5,"column":0},"end":{"line":5,"column":48}},"5":{"start":{"line":6,"column":0},"end":{"line":6,"column":54}},"6":{"start":{"line":7,"column":0},"end":{"line":7,"column":40}},"7":{"start":{"line":8,"column":0},"end":{"line":8,"column":58}},"8":{"start":{"line":9,"column":0},"end":{"line":9,"column":42}},"9":{"start":{"line":10,"column":0},"end":{"line":10,"column":46}},"11":{"start":{"line":12,"column":0},"end":{"line":12,"column":31}},"12":{"start":{"line":13,"column":0},"end":{"line":13,"column":29}},"13":{"start":{"line":14,"column":0},"end":{"line":14,"column":33}},"14":{"start":{"line":15,"column":0},"end":{"line":15,"column":18}},"15":{"start":{"line":16,"column":0},"end":{"line":16,"column":58}},"16":{"start":{"line":17,"column":0},"end":{"line":17,"column":21}},"17":{"start":{"line":18,"column":0},"end":{"line":18,"column":39}},"18":{"start":{"line":19,"column":0},"end":{"line":19,"column":31}},"19":{"start":{"line":20,"column":0},"end":{"line":20,"column":24}},"21":{"start":{"line":22,"column":0},"end":{"line":22,"column":36}},"22":{"start":{"line":23,"column":0},"end":{"line":23,"column":35}},"24":{"start":{"line":25,"column":0},"end":{"line":25,"column":10}},"25":{"start":{"line":26,"column":0},"end":{"line":26,"column":9}},"26":{"start":{"line":27,"column":0},"end":{"line":27,"column":12}},"27":{"start":{"line":28,"column":0},"end":{"line":28,"column":18}},"28":{"start":{"line":29,"column":0},"end":{"line":29,"column":22}},"29":{"start":{"line":30,"column":0},"end":{"line":30,"column":52}},"30":{"start":{"line":31,"column":0},"end":{"line":31,"column":52}},"32":{"start":{"line":33,"column":0},"end":{"line":33,"column":62}},"33":{"start":{"line":34,"column":0},"end":{"line":34,"column":22}},"34":{"start":{"line":35,"column":0},"end":{"line":35,"column":36}},"35":{"start":{"line":36,"column":0},"end":{"line":36,"column":77}},"36":{"start":{"line":37,"column":0},"end":{"line":37,"column":24}},"37":{"start":{"line":38,"column":0},"end":{"line":38,"column":39}},"38":{"start":{"line":39,"column":0},"end":{"line":39,"column":46}},"39":{"start":{"line":40,"column":0},"end":{"line":40,"column":14}},"40":{"start":{"line":41,"column":0},"end":{"line":41,"column":28}},"41":{"start":{"line":42,"column":0},"end":{"line":42,"column":44}},"42":{"start":{"line":43,"column":0},"end":{"line":43,"column":36}},"43":{"start":{"line":44,"column":0},"end":{"line":44,"column":40}},"44":{"start":{"line":45,"column":0},"end":{"line":45,"column":36}},"45":{"start":{"line":46,"column":0},"end":{"line":46,"column":14}},"46":{"start":{"line":47,"column":0},"end":{"line":47,"column":17}},"48":{"start":{"line":49,"column":0},"end":{"line":49,"column":65}},"49":{"start":{"line":50,"column":0},"end":{"line":50,"column":78}},"50":{"start":{"line":51,"column":0},"end":{"line":51,"column":14}},"52":{"start":{"line":53,"column":0},"end":{"line":53,"column":42}},"53":{"start":{"line":54,"column":0},"end":{"line":54,"column":24}},"54":{"start":{"line":55,"column":0},"end":{"line":55,"column":77}},"55":{"start":{"line":56,"column":0},"end":{"line":56,"column":16}},"56":{"start":{"line":57,"column":0},"end":{"line":57,"column":17}},"57":{"start":{"line":58,"column":0},"end":{"line":58,"column":13}},"59":{"start":{"line":60,"column":0},"end":{"line":60,"column":49}},"60":{"start":{"line":61,"column":0},"end":{"line":61,"column":53}},"61":{"start":{"line":62,"column":0},"end":{"line":62,"column":11}},"63":{"start":{"line":64,"column":0},"end":{"line":64,"column":2}},"65":{"start":{"line":66,"column":0},"end":{"line":66,"column":31}}},"s":{"0":1,"1":1,"2":1,"3":1,"4":1,"5":1,"6":1,"7":1,"8":1,"9":1,"11":1,"12":10,"13":10,"14":10,"15":10,"16":10,"17":10,"18":8,"19":2,"21":10,"22":10,"24":8,"25":8,"26":8,"27":8,"28":8,"29":8,"30":8,"32":8,"33":8,"34":8,"35":8,"36":8,"37":10,"38":10,"39":10,"40":10,"41":10,"42":10,"43":10,"44":10,"45":10,"46":10,"48":10,"49":10,"50":10,"52":10,"53":8,"54":8,"55":8,"56":0,"57":10,"59":10,"60":10,"61":10,"63":10,"65":1},"branchMap":{"0":{"type":"branch","line":12,"loc":{"start":{"line":12,"column":24},"end":{"line":64,"column":2}},"locations":[{"start":{"line":12,"column":24},"end":{"line":64,"column":2}}]},"1":{"type":"branch","line":18,"loc":{"start":{"line":18,"column":14},"end":{"line":18,"column":26}},"locations":[{"start":{"line":18,"column":14},"end":{"line":18,"column":26}}]},"2":{"type":"branch","line":18,"loc":{"start":{"line":18,"column":26},"end":{"line":19,"column":31}},"locations":[{"start":{"line":18,"column":26},"end":{"line":19,"column":31}}]},"3":{"type":"branch","line":19,"loc":{"start":{"line":19,"column":18},"end":{"line":20,"column":24}},"locations":[{"start":{"line":19,"column":18},"end":{"line":20,"column":24}}]},"4":{"type":"branch","line":20,"loc":{"start":{"line":20,"column":6},"end":{"line":20,"column":18}},"locations":[{"start":{"line":20,"column":6},"end":{"line":20,"column":18}}]},"5":{"type":"branch","line":22,"loc":{"start":{"line":22,"column":17},"end":{"line":23,"column":23}},"locations":[{"start":{"line":22,"column":17},"end":{"line":23,"column":23}}]},"6":{"type":"branch","line":22,"loc":{"start":{"line":22,"column":17},"end":{"line":22,"column":36}},"locations":[{"start":{"line":22,"column":17},"end":{"line":22,"column":36}}]},"7":{"type":"branch","line":22,"loc":{"start":{"line":22,"column":33},"end":{"line":23,"column":23}},"locations":[{"start":{"line":22,"column":33},"end":{"line":23,"column":23}}]},"8":{"type":"branch","line":23,"loc":{"start":{"line":23,"column":23},"end":{"line":23,"column":35}},"locations":[{"start":{"line":23,"column":23},"end":{"line":23,"column":35}}]},"9":{"type":"branch","line":23,"loc":{"start":{"line":23,"column":29},"end":{"line":38,"column":33}},"locations":[{"start":{"line":23,"column":29},"end":{"line":38,"column":33}}]},"10":{"type":"branch","line":39,"loc":{"start":{"line":39,"column":24},"end":{"line":39,"column":36}},"locations":[{"start":{"line":39,"column":24},"end":{"line":39,"column":36}}]},"11":{"type":"branch","line":49,"loc":{"start":{"line":49,"column":27},"end":{"line":49,"column":39}},"locations":[{"start":{"line":49,"column":27},"end":{"line":49,"column":39}}]},"12":{"type":"branch","line":53,"loc":{"start":{"line":53,"column":9},"end":{"line":53,"column":21}},"locations":[{"start":{"line":53,"column":9},"end":{"line":53,"column":21}}]},"13":{"type":"branch","line":53,"loc":{"start":{"line":53,"column":29},"end":{"line":56,"column":16}},"locations":[{"start":{"line":53,"column":29},"end":{"line":56,"column":16}}]},"14":{"type":"branch","line":56,"loc":{"start":{"line":56,"column":10},"end":{"line":57,"column":17}},"locations":[{"start":{"line":56,"column":10},"end":{"line":57,"column":17}}]},"15":{"type":"branch","line":60,"loc":{"start":{"line":60,"column":27},"end":{"line":60,"column":39}},"locations":[{"start":{"line":60,"column":27},"end":{"line":60,"column":39}}]}},"b":{"0":[10],"1":[8],"2":[8],"3":[2],"4":[0],"5":[9],"6":[2],"7":[8],"8":[0],"9":[8],"10":[8],"11":[8],"12":[8],"13":[8],"14":[0],"15":[8]},"fnMap":{"0":{"name":"AnimeDetailPage","decl":{"start":{"line":12,"column":24},"end":{"line":64,"column":2}},"loc":{"start":{"line":12,"column":24},"end":{"line":64,"column":2}},"line":12}},"f":{"0":10}}
,"/home/edyta/Pulpit/repos/anime-radar/src/components/AnimeGenres.tsx": {"path":"/home/edyta/Pulpit/repos/anime-radar/src/components/AnimeGenres.tsx","all":false,"statementMap":{"0":{"start":{"line":1,"column":0},"end":{"line":1,"column":62}},"1":{"start":{"line":2,"column":0},"end":{"line":2,"column":80}},"3":{"start":{"line":4,"column":0},"end":{"line":4,"column":42}},"9":{"start":{"line":10,"column":0},"end":{"line":10,"column":44}},"10":{"start":{"line":11,"column":0},"end":{"line":11,"column":61}},"11":{"start":{"line":12,"column":0},"end":{"line":12,"column":71}},"13":{"start":{"line":14,"column":0},"end":{"line":14,"column":22}},"14":{"start":{"line":15,"column":0},"end":{"line":15,"column":40}},"15":{"start":{"line":16,"column":0},"end":{"line":16,"column":14}},"17":{"start":{"line":18,"column":0},"end":{"line":18,"column":28}},"18":{"start":{"line":19,"column":0},"end":{"line":19,"column":28}},"19":{"start":{"line":20,"column":0},"end":{"line":20,"column":28}},"20":{"start":{"line":21,"column":0},"end":{"line":21,"column":25}},"21":{"start":{"line":22,"column":0},"end":{"line":22,"column":4}},"23":{"start":{"line":24,"column":0},"end":{"line":24,"column":10}},"24":{"start":{"line":25,"column":0},"end":{"line":25,"column":10}},"25":{"start":{"line":26,"column":0},"end":{"line":26,"column":62}},"27":{"start":{"line":28,"column":0},"end":{"line":28,"column":19}},"28":{"start":{"line":29,"column":0},"end":{"line":29,"column":16}},"29":{"start":{"line":30,"column":0},"end":{"line":30,"column":41}},"30":{"start":{"line":31,"column":0},"end":{"line":31,"column":18}},"31":{"start":{"line":32,"column":0},"end":{"line":32,"column":21}},"32":{"start":{"line":33,"column":0},"end":{"line":33,"column":35}},"33":{"start":{"line":34,"column":0},"end":{"line":34,"column":30}},"34":{"start":{"line":35,"column":0},"end":{"line":35,"column":41}},"35":{"start":{"line":36,"column":0},"end":{"line":36,"column":16}},"36":{"start":{"line":37,"column":0},"end":{"line":37,"column":32}},"37":{"start":{"line":38,"column":0},"end":{"line":38,"column":37}},"38":{"start":{"line":39,"column":0},"end":{"line":39,"column":20}},"39":{"start":{"line":40,"column":0},"end":{"line":40,"column":49}},"40":{"start":{"line":41,"column":0},"end":{"line":41,"column":48}},"42":{"start":{"line":43,"column":0},"end":{"line":43,"column":23}},"46":{"start":{"line":47,"column":0},"end":{"line":47,"column":26}},"47":{"start":{"line":48,"column":0},"end":{"line":48,"column":23}},"49":{"start":{"line":50,"column":0},"end":{"line":50,"column":16}},"50":{"start":{"line":51,"column":0},"end":{"line":51,"column":17}},"51":{"start":{"line":52,"column":0},"end":{"line":52,"column":11}},"53":{"start":{"line":54,"column":0},"end":{"line":54,"column":2}},"55":{"start":{"line":56,"column":0},"end":{"line":56,"column":27}}},"s":{"0":1,"1":1,"3":1,"9":1,"10":99,"11":99,"13":99,"14":99,"15":99,"17":228,"18":228,"19":228,"20":228,"21":99,"23":99,"24":99,"25":99,"27":99,"28":99,"29":99,"30":228,"31":228,"32":228,"33":228,"34":4,"35":4,"36":228,"37":228,"38":228,"39":228,"40":23,"42":205,"46":228,"47":228,"49":99,"50":99,"51":99,"53":99,"55":1},"branchMap":{"0":{"type":"branch","line":10,"loc":{"start":{"line":10,"column":20},"end":{"line":54,"column":2}},"locations":[{"start":{"line":10,"column":20},"end":{"line":54,"column":2}}]},"1":{"type":"branch","line":15,"loc":{"start":{"line":15,"column":25},"end":{"line":15,"column":40}},"locations":[{"start":{"line":15,"column":25},"end":{"line":15,"column":40}}]},"2":{"type":"branch","line":30,"loc":{"start":{"line":30,"column":9},"end":{"line":30,"column":29}},"locations":[{"start":{"line":30,"column":9},"end":{"line":30,"column":29}}]},"3":{"type":"branch","line":11,"loc":{"start":{"line":11,"column":40},"end":{"line":11,"column":59}},"locations":[{"start":{"line":11,"column":40},"end":{"line":11,"column":59}}]},"4":{"type":"branch","line":12,"loc":{"start":{"line":12,"column":42},"end":{"line":12,"column":69}},"locations":[{"start":{"line":12,"column":42},"end":{"line":12,"column":69}}]},"5":{"type":"branch","line":16,"loc":{"start":{"line":16,"column":4},"end":{"line":21,"column":25}},"locations":[{"start":{"line":16,"column":4},"end":{"line":21,"column":25}}]},"6":{"type":"branch","line":30,"loc":{"start":{"line":30,"column":29},"end":{"line":50,"column":9}},"locations":[{"start":{"line":30,"column":29},"end":{"line":50,"column":9}}]},"7":{"type":"branch","line":40,"loc":{"start":{"line":40,"column":39},"end":{"line":41,"column":48}},"locations":[{"start":{"line":40,"column":39},"end":{"line":41,"column":48}}]},"8":{"type":"branch","line":41,"loc":{"start":{"line":41,"column":46},"end":{"line":43,"column":23}},"locations":[{"start":{"line":41,"column":46},"end":{"line":43,"column":23}}]},"9":{"type":"branch","line":34,"loc":{"start":{"line":34,"column":23},"end":{"line":36,"column":16}},"locations":[{"start":{"line":34,"column":23},"end":{"line":36,"column":16}}]}},"b":{"0":[99],"1":[76],"2":[76],"3":[118],"4":[118],"5":[228],"6":[228],"7":[23],"8":[205],"9":[4]},"fnMap":{"0":{"name":"AnimeGenres","decl":{"start":{"line":10,"column":20},"end":{"line":54,"column":2}},"loc":{"start":{"line":10,"column":20},"end":{"line":54,"column":2}},"line":10},"1":{"name":"onClick","decl":{"start":{"line":34,"column":23},"end":{"line":36,"column":16}},"loc":{"start":{"line":34,"column":23},"end":{"line":36,"column":16}},"line":34}},"f":{"0":99,"1":4}}
,"/home/edyta/Pulpit/repos/anime-radar/src/components/AnimeGenresButtons.tsx": {"path":"/home/edyta/Pulpit/repos/anime-radar/src/components/AnimeGenresButtons.tsx","all":false,"statementMap":{"0":{"start":{"line":1,"column":0},"end":{"line":1,"column":48}},"1":{"start":{"line":2,"column":0},"end":{"line":2,"column":47}},"3":{"start":{"line":4,"column":0},"end":{"line":4,"column":42}},"7":{"start":{"line":8,"column":0},"end":{"line":8,"column":51}},"8":{"start":{"line":9,"column":0},"end":{"line":9,"column":62}},"9":{"start":{"line":10,"column":0},"end":{"line":10,"column":63}},"10":{"start":{"line":11,"column":0},"end":{"line":11,"column":57}},"11":{"start":{"line":12,"column":0},"end":{"line":12,"column":59}},"12":{"start":{"line":13,"column":0},"end":{"line":13,"column":61}},"14":{"start":{"line":15,"column":0},"end":{"line":15,"column":33}},"15":{"start":{"line":16,"column":0},"end":{"line":16,"column":10}},"16":{"start":{"line":17,"column":0},"end":{"line":17,"column":34}},"17":{"start":{"line":18,"column":0},"end":{"line":18,"column":31}},"18":{"start":{"line":19,"column":0},"end":{"line":19,"column":16}},"19":{"start":{"line":20,"column":0},"end":{"line":20,"column":17}},"20":{"start":{"line":21,"column":0},"end":{"line":21,"column":28}},"21":{"start":{"line":22,"column":0},"end":{"line":22,"column":28}},"22":{"start":{"line":23,"column":0},"end":{"line":23,"column":26}},"23":{"start":{"line":24,"column":0},"end":{"line":24,"column":27}},"24":{"start":{"line":25,"column":0},"end":{"line":25,"column":28}},"25":{"start":{"line":26,"column":0},"end":{"line":26,"column":40}},"26":{"start":{"line":27,"column":0},"end":{"line":27,"column":28}},"27":{"start":{"line":28,"column":0},"end":{"line":28,"column":14}},"28":{"start":{"line":29,"column":0},"end":{"line":29,"column":21}},"29":{"start":{"line":30,"column":0},"end":{"line":30,"column":29}},"30":{"start":{"line":31,"column":0},"end":{"line":31,"column":30}},"31":{"start":{"line":32,"column":0},"end":{"line":32,"column":30}},"33":{"start":{"line":34,"column":0},"end":{"line":34,"column":24}},"34":{"start":{"line":35,"column":0},"end":{"line":35,"column":19}},"36":{"start":{"line":37,"column":0},"end":{"line":37,"column":9}},"37":{"start":{"line":38,"column":0},"end":{"line":38,"column":11}},"39":{"start":{"line":40,"column":0},"end":{"line":40,"column":2}},"41":{"start":{"line":42,"column":0},"end":{"line":42,"column":34}}},"s":{"0":1,"1":1,"3":1,"7":1,"8":8,"9":8,"10":8,"11":8,"12":8,"14":8,"15":8,"16":8,"17":8,"18":16,"19":16,"20":16,"21":0,"22":0,"23":0,"24":0,"25":0,"26":0,"27":0,"28":16,"29":16,"30":16,"31":16,"33":16,"34":16,"36":8,"37":8,"39":8,"41":1},"branchMap":{"0":{"type":"branch","line":8,"loc":{"start":{"line":8,"column":27},"end":{"line":40,"column":2}},"locations":[{"start":{"line":8,"column":27},"end":{"line":40,"column":2}}]},"1":{"type":"branch","line":9,"loc":{"start":{"line":9,"column":41},"end":{"line":9,"column":60}},"locations":[{"start":{"line":9,"column":41},"end":{"line":9,"column":60}}]},"2":{"type":"branch","line":10,"loc":{"start":{"line":10,"column":39},"end":{"line":10,"column":61}},"locations":[{"start":{"line":10,"column":39},"end":{"line":10,"column":61}}]},"3":{"type":"branch","line":11,"loc":{"start":{"line":11,"column":37},"end":{"line":11,"column":55}},"locations":[{"start":{"line":11,"column":37},"end":{"line":11,"column":55}}]},"4":{"type":"branch","line":12,"loc":{"start":{"line":12,"column":38},"end":{"line":12,"column":57}},"locations":[{"start":{"line":12,"column":38},"end":{"line":12,"column":57}}]},"5":{"type":"branch","line":13,"loc":{"start":{"line":13,"column":39},"end":{"line":13,"column":59}},"locations":[{"start":{"line":13,"column":39},"end":{"line":13,"column":59}}]},"6":{"type":"branch","line":18,"loc":{"start":{"line":18,"column":19},"end":{"line":37,"column":7}},"locations":[{"start":{"line":18,"column":19},"end":{"line":37,"column":7}}]}},"b":{"0":[8],"1":[8],"2":[8],"3":[8],"4":[8],"5":[8],"6":[16]},"fnMap":{"0":{"name":"AnimeGenresButtons","decl":{"start":{"line":8,"column":27},"end":{"line":40,"column":2}},"loc":{"start":{"line":8,"column":27},"end":{"line":40,"column":2}},"line":8},"1":{"name":"onClick","decl":{"start":{"line":21,"column":21},"end":{"line":28,"column":14}},"loc":{"start":{"line":21,"column":21},"end":{"line":28,"column":14}},"line":21}},"f":{"0":8,"1":0}}
,"/home/edyta/Pulpit/repos/anime-radar/src/components/AnimeGrid.tsx": {"path":"/home/edyta/Pulpit/repos/anime-radar/src/components/AnimeGrid.tsx","all":false,"statementMap":{"0":{"start":{"line":1,"column":0},"end":{"line":1,"column":8}},"7":{"start":{"line":8,"column":0},"end":{"line":8,"column":26}},"8":{"start":{"line":9,"column":0},"end":{"line":9,"column":36}},"10":{"start":{"line":11,"column":0},"end":{"line":11,"column":44}},"15":{"start":{"line":16,"column":0},"end":{"line":16,"column":42}},"16":{"start":{"line":17,"column":0},"end":{"line":17,"column":10}},"17":{"start":{"line":18,"column":0},"end":{"line":18,"column":6}},"18":{"start":{"line":19,"column":0},"end":{"line":19,"column":44}},"19":{"start":{"line":20,"column":0},"end":{"line":20,"column":17}},"20":{"start":{"line":21,"column":0},"end":{"line":21,"column":51}},"21":{"start":{"line":22,"column":0},"end":{"line":22,"column":20}},"22":{"start":{"line":23,"column":0},"end":{"line":23,"column":19}},"23":{"start":{"line":24,"column":0},"end":{"line":24,"column":31}},"25":{"start":{"line":26,"column":0},"end":{"line":26,"column":33}},"26":{"start":{"line":27,"column":0},"end":{"line":27,"column":70}},"27":{"start":{"line":28,"column":0},"end":{"line":28,"column":11}},"28":{"start":{"line":29,"column":0},"end":{"line":29,"column":19}},"29":{"start":{"line":30,"column":0},"end":{"line":30,"column":7}},"31":{"start":{"line":32,"column":0},"end":{"line":32,"column":2}},"33":{"start":{"line":34,"column":0},"end":{"line":34,"column":25}}},"s":{"0":1,"7":1,"8":1,"10":1,"15":1,"16":39,"17":39,"18":39,"19":39,"20":39,"21":39,"22":39,"23":39,"25":39,"26":47,"27":39,"28":39,"29":39,"31":39,"33":1},"branchMap":{"0":{"type":"branch","line":16,"loc":{"start":{"line":16,"column":18},"end":{"line":32,"column":2}},"locations":[{"start":{"line":16,"column":18},"end":{"line":32,"column":2}}]},"1":{"type":"branch","line":19,"loc":{"start":{"line":19,"column":16},"end":{"line":19,"column":44}},"locations":[{"start":{"line":19,"column":16},"end":{"line":19,"column":44}}]},"2":{"type":"branch","line":26,"loc":{"start":{"line":26,"column":21},"end":{"line":27,"column":70}},"locations":[{"start":{"line":26,"column":21},"end":{"line":27,"column":70}}]}},"b":{"0":[39],"1":[4],"2":[47]},"fnMap":{"0":{"name":"AnimeGrid","decl":{"start":{"line":16,"column":18},"end":{"line":32,"column":2}},"loc":{"start":{"line":16,"column":18},"end":{"line":32,"column":2}},"line":16}},"f":{"0":39}}
,"/home/edyta/Pulpit/repos/anime-radar/src/components/AnimeHeading.tsx": {"path":"/home/edyta/Pulpit/repos/anime-radar/src/components/AnimeHeading.tsx","all":false,"statementMap":{"0":{"start":{"line":1,"column":0},"end":{"line":1,"column":59}},"1":{"start":{"line":2,"column":0},"end":{"line":2,"column":41}},"2":{"start":{"line":3,"column":0},"end":{"line":3,"column":42}},"3":{"start":{"line":4,"column":0},"end":{"line":4,"column":50}},"5":{"start":{"line":6,"column":0},"end":{"line":6,"column":28}},"6":{"start":{"line":7,"column":0},"end":{"line":7,"column":73}},"7":{"start":{"line":8,"column":0},"end":{"line":8,"column":58}},"8":{"start":{"line":9,"column":0},"end":{"line":9,"column":36}},"9":{"start":{"line":10,"column":0},"end":{"line":10,"column":57}},"10":{"start":{"line":11,"column":0},"end":{"line":11,"column":4}},"11":{"start":{"line":12,"column":0},"end":{"line":12,"column":35}},"12":{"start":{"line":13,"column":0},"end":{"line":13,"column":54}},"13":{"start":{"line":14,"column":0},"end":{"line":14,"column":4}},"14":{"start":{"line":15,"column":0},"end":{"line":15,"column":37}},"15":{"start":{"line":16,"column":0},"end":{"line":16,"column":56}},"16":{"start":{"line":17,"column":0},"end":{"line":17,"column":4}},"17":{"start":{"line":18,"column":0},"end":{"line":18,"column":37}},"18":{"start":{"line":19,"column":0},"end":{"line":19,"column":56}},"19":{"start":{"line":20,"column":0},"end":{"line":20,"column":4}},"20":{"start":{"line":21,"column":0},"end":{"line":21,"column":10}},"21":{"start":{"line":22,"column":0},"end":{"line":22,"column":48}},"22":{"start":{"line":23,"column":0},"end":{"line":23,"column":30}},"23":{"start":{"line":24,"column":0},"end":{"line":24,"column":13}},"24":{"start":{"line":25,"column":0},"end":{"line":25,"column":16}},"25":{"start":{"line":26,"column":0},"end":{"line":26,"column":19}},"26":{"start":{"line":27,"column":0},"end":{"line":27,"column":35}},"27":{"start":{"line":28,"column":0},"end":{"line":28,"column":26}},"28":{"start":{"line":29,"column":0},"end":{"line":29,"column":29}},"29":{"start":{"line":30,"column":0},"end":{"line":30,"column":26}},"30":{"start":{"line":31,"column":0},"end":{"line":31,"column":38}},"31":{"start":{"line":32,"column":0},"end":{"line":32,"column":27}},"32":{"start":{"line":33,"column":0},"end":{"line":33,"column":16}},"33":{"start":{"line":34,"column":0},"end":{"line":34,"column":22}},"34":{"start":{"line":35,"column":0},"end":{"line":35,"column":21}},"35":{"start":{"line":36,"column":0},"end":{"line":36,"column":16}},"36":{"start":{"line":37,"column":0},"end":{"line":37,"column":40}},"37":{"start":{"line":38,"column":0},"end":{"line":38,"column":23}},"38":{"start":{"line":39,"column":0},"end":{"line":39,"column":19}},"39":{"start":{"line":40,"column":0},"end":{"line":40,"column":70}},"40":{"start":{"line":41,"column":0},"end":{"line":41,"column":15}},"41":{"start":{"line":42,"column":0},"end":{"line":42,"column":13}},"43":{"start":{"line":44,"column":0},"end":{"line":44,"column":2}},"45":{"start":{"line":46,"column":0},"end":{"line":46,"column":28}}},"s":{"0":1,"1":1,"2":1,"3":1,"5":1,"6":119,"7":119,"8":119,"9":119,"10":119,"11":119,"12":119,"13":119,"14":119,"15":119,"16":119,"17":119,"18":119,"19":119,"20":119,"21":119,"22":119,"23":119,"24":119,"25":119,"26":119,"27":119,"28":119,"29":119,"30":23,"31":96,"32":28,"33":68,"34":119,"35":119,"36":119,"37":119,"38":119,"39":119,"40":119,"41":119,"43":119,"45":1},"branchMap":{"0":{"type":"branch","line":6,"loc":{"start":{"line":6,"column":21},"end":{"line":44,"column":2}},"locations":[{"start":{"line":6,"column":21},"end":{"line":44,"column":2}}]},"1":{"type":"branch","line":8,"loc":{"start":{"line":8,"column":50},"end":{"line":8,"column":58}},"locations":[{"start":{"line":8,"column":50},"end":{"line":8,"column":58}}]},"2":{"type":"branch","line":10,"loc":{"start":{"line":10,"column":50},"end":{"line":10,"column":57}},"locations":[{"start":{"line":10,"column":50},"end":{"line":10,"column":57}}]},"3":{"type":"branch","line":13,"loc":{"start":{"line":13,"column":47},"end":{"line":13,"column":54}},"locations":[{"start":{"line":13,"column":47},"end":{"line":13,"column":54}}]},"4":{"type":"branch","line":16,"loc":{"start":{"line":16,"column":49},"end":{"line":16,"column":56}},"locations":[{"start":{"line":16,"column":49},"end":{"line":16,"column":56}}]},"5":{"type":"branch","line":19,"loc":{"start":{"line":19,"column":49},"end":{"line":19,"column":56}},"locations":[{"start":{"line":19,"column":49},"end":{"line":19,"column":56}}]},"6":{"type":"branch","line":30,"loc":{"start":{"line":30,"column":10},"end":{"line":31,"column":38}},"locations":[{"start":{"line":30,"column":10},"end":{"line":31,"column":38}}]},"7":{"type":"branch","line":31,"loc":{"start":{"line":31,"column":33},"end":{"line":34,"column":22}},"locations":[{"start":{"line":31,"column":33},"end":{"line":34,"column":22}}]},"8":{"type":"branch","line":32,"loc":{"start":{"line":32,"column":14},"end":{"line":33,"column":16}},"locations":[{"start":{"line":32,"column":14},"end":{"line":33,"column":16}}]},"9":{"type":"branch","line":33,"loc":{"start":{"line":33,"column":14},"end":{"line":34,"column":22}},"locations":[{"start":{"line":33,"column":14},"end":{"line":34,"column":22}}]},"10":{"type":"branch","line":7,"loc":{"start":{"line":7,"column":44},"end":{"line":7,"column":71}},"locations":[{"start":{"line":7,"column":44},"end":{"line":7,"column":71}}]},"11":{"type":"branch","line":10,"loc":{"start":{"line":10,"column":23},"end":{"line":10,"column":50}},"locations":[{"start":{"line":10,"column":23},"end":{"line":10,"column":50}}]},"12":{"type":"branch","line":13,"loc":{"start":{"line":13,"column":23},"end":{"line":13,"column":47}},"locations":[{"start":{"line":13,"column":23},"end":{"line":13,"column":47}}]},"13":{"type":"branch","line":16,"loc":{"start":{"line":16,"column":23},"end":{"line":16,"column":49}},"locations":[{"start":{"line":16,"column":23},"end":{"line":16,"column":49}}]},"14":{"type":"branch","line":19,"loc":{"start":{"line":19,"column":23},"end":{"line":19,"column":49}},"locations":[{"start":{"line":19,"column":23},"end":{"line":19,"column":49}}]}},"b":{"0":[119],"1":[96],"2":[28],"3":[100],"4":[110],"5":[91],"6":[23],"7":[96],"8":[28],"9":[68],"10":[144],"11":[144],"12":[144],"13":[144],"14":[144]},"fnMap":{"0":{"name":"AnimeHeading","decl":{"start":{"line":6,"column":21},"end":{"line":44,"column":2}},"loc":{"start":{"line":6,"column":21},"end":{"line":44,"column":2}},"line":6}},"f":{"0":119}}
,"/home/edyta/Pulpit/repos/anime-radar/src/components/AnimeNotFound.tsx": {"path":"/home/edyta/Pulpit/repos/anime-radar/src/components/AnimeNotFound.tsx","all":false,"statementMap":{"0":{"start":{"line":1,"column":0},"end":{"line":1,"column":64}},"1":{"start":{"line":2,"column":0},"end":{"line":2,"column":42}},"3":{"start":{"line":4,"column":0},"end":{"line":4,"column":29}},"4":{"start":{"line":5,"column":0},"end":{"line":5,"column":65}},"5":{"start":{"line":6,"column":0},"end":{"line":6,"column":10}},"6":{"start":{"line":7,"column":0},"end":{"line":7,"column":62}},"7":{"start":{"line":8,"column":0},"end":{"line":8,"column":12}},"8":{"start":{"line":9,"column":0},"end":{"line":9,"column":36}},"9":{"start":{"line":10,"column":0},"end":{"line":10,"column":75}},"10":{"start":{"line":11,"column":0},"end":{"line":11,"column":15}},"11":{"start":{"line":12,"column":0},"end":{"line":12,"column":52}},"13":{"start":{"line":14,"column":0},"end":{"line":14,"column":16}},"14":{"start":{"line":15,"column":0},"end":{"line":15,"column":44}},"16":{"start":{"line":17,"column":0},"end":{"line":17,"column":16}},"17":{"start":{"line":18,"column":0},"end":{"line":18,"column":76}},"19":{"start":{"line":20,"column":0},"end":{"line":20,"column":15}},"20":{"start":{"line":21,"column":0},"end":{"line":21,"column":11}},"22":{"start":{"line":23,"column":0},"end":{"line":23,"column":2}},"24":{"start":{"line":25,"column":0},"end":{"line":25,"column":29}}},"s":{"0":1,"1":1,"3":1,"4":7,"5":7,"6":7,"7":7,"8":7,"9":7,"10":7,"11":7,"13":7,"14":7,"16":7,"17":7,"19":7,"20":7,"22":7,"24":1},"branchMap":{"0":{"type":"branch","line":4,"loc":{"start":{"line":4,"column":22},"end":{"line":23,"column":2}},"locations":[{"start":{"line":4,"column":22},"end":{"line":23,"column":2}}]},"1":{"type":"branch","line":5,"loc":{"start":{"line":5,"column":46},"end":{"line":5,"column":63}},"locations":[{"start":{"line":5,"column":46},"end":{"line":5,"column":63}}]}},"b":{"0":[7],"1":[9]},"fnMap":{"0":{"name":"AnimeNotFound","decl":{"start":{"line":4,"column":22},"end":{"line":23,"column":2}},"loc":{"start":{"line":4,"column":22},"end":{"line":23,"column":2}},"line":4}},"f":{"0":7}}
,"/home/edyta/Pulpit/repos/anime-radar/src/components/AnimeRating.tsx": {"path":"/home/edyta/Pulpit/repos/anime-radar/src/components/AnimeRating.tsx","all":false,"statementMap":{"0":{"start":{"line":1,"column":0},"end":{"line":1,"column":44}},"1":{"start":{"line":2,"column":0},"end":{"line":2,"column":48}},"2":{"start":{"line":3,"column":0},"end":{"line":3,"column":50}},"8":{"start":{"line":9,"column":0},"end":{"line":9,"column":53}},"9":{"start":{"line":10,"column":0},"end":{"line":10,"column":10}},"10":{"start":{"line":11,"column":0},"end":{"line":11,"column":12}},"11":{"start":{"line":12,"column":0},"end":{"line":12,"column":26}},"12":{"start":{"line":13,"column":0},"end":{"line":13,"column":15}},"13":{"start":{"line":14,"column":0},"end":{"line":14,"column":60}},"14":{"start":{"line":15,"column":0},"end":{"line":15,"column":52}},"15":{"start":{"line":16,"column":0},"end":{"line":16,"column":17}},"16":{"start":{"line":17,"column":0},"end":{"line":17,"column":8}},"17":{"start":{"line":18,"column":0},"end":{"line":18,"column":46}},"18":{"start":{"line":19,"column":0},"end":{"line":19,"column":13}},"20":{"start":{"line":21,"column":0},"end":{"line":21,"column":2}},"22":{"start":{"line":23,"column":0},"end":{"line":23,"column":27}}},"s":{"0":1,"1":1,"2":1,"8":1,"9":126,"10":126,"11":126,"12":126,"13":126,"14":126,"15":126,"16":126,"17":126,"18":126,"20":126,"22":1},"branchMap":{"0":{"type":"branch","line":9,"loc":{"start":{"line":9,"column":20},"end":{"line":21,"column":2}},"locations":[{"start":{"line":9,"column":20},"end":{"line":21,"column":2}}]},"1":{"type":"branch","line":14,"loc":{"start":{"line":14,"column":28},"end":{"line":14,"column":48}},"locations":[{"start":{"line":14,"column":28},"end":{"line":14,"column":48}}]},"2":{"type":"branch","line":14,"loc":{"start":{"line":14,"column":32},"end":{"line":14,"column":60}},"locations":[{"start":{"line":14,"column":32},"end":{"line":14,"column":60}}]},"3":{"type":"branch","line":15,"loc":{"start":{"line":15,"column":23},"end":{"line":15,"column":42}},"locations":[{"start":{"line":15,"column":23},"end":{"line":15,"column":42}}]},"4":{"type":"branch","line":15,"loc":{"start":{"line":15,"column":27},"end":{"line":15,"column":52}},"locations":[{"start":{"line":15,"column":27},"end":{"line":15,"column":52}}]}},"b":{"0":[126],"1":[40],"2":[86],"3":[40],"4":[86]},"fnMap":{"0":{"name":"AnimeRating","decl":{"start":{"line":9,"column":20},"end":{"line":21,"column":2}},"loc":{"start":{"line":9,"column":20},"end":{"line":21,"column":2}},"line":9}},"f":{"0":126}}
,"/home/edyta/Pulpit/repos/anime-radar/src/components/AnimeRecommendations.tsx": {"path":"/home/edyta/Pulpit/repos/anime-radar/src/components/AnimeRecommendations.tsx","all":false,"statementMap":{"0":{"start":{"line":1,"column":0},"end":{"line":1,"column":48}},"1":{"start":{"line":2,"column":0},"end":{"line":2,"column":44}},"2":{"start":{"line":3,"column":0},"end":{"line":3,"column":51}},"3":{"start":{"line":4,"column":0},"end":{"line":4,"column":61}},"4":{"start":{"line":5,"column":0},"end":{"line":5,"column":52}},"6":{"start":{"line":7,"column":0},"end":{"line":7,"column":20}},"7":{"start":{"line":8,"column":0},"end":{"line":8,"column":31}},"8":{"start":{"line":9,"column":0},"end":{"line":9,"column":22}},"13":{"start":{"line":14,"column":0},"end":{"line":14,"column":49}},"14":{"start":{"line":15,"column":0},"end":{"line":15,"column":80}},"16":{"start":{"line":17,"column":0},"end":{"line":17,"column":29}},"17":{"start":{"line":18,"column":0},"end":{"line":18,"column":25}},"19":{"start":{"line":20,"column":0},"end":{"line":20,"column":29}},"20":{"start":{"line":21,"column":0},"end":{"line":21,"column":66}},"21":{"start":{"line":22,"column":0},"end":{"line":22,"column":27}},"22":{"start":{"line":23,"column":0},"end":{"line":23,"column":35}},"23":{"start":{"line":24,"column":0},"end":{"line":24,"column":43}},"24":{"start":{"line":25,"column":0},"end":{"line":25,"column":32}},"25":{"start":{"line":26,"column":0},"end":{"line":26,"column":6}},"26":{"start":{"line":27,"column":0},"end":{"line":27,"column":36}},"27":{"start":{"line":28,"column":0},"end":{"line":28,"column":40}},"29":{"start":{"line":30,"column":0},"end":{"line":30,"column":16}},"30":{"start":{"line":31,"column":0},"end":{"line":31,"column":11}},"31":{"start":{"line":32,"column":0},"end":{"line":32,"column":15}},"32":{"start":{"line":33,"column":0},"end":{"line":33,"column":37}},"33":{"start":{"line":34,"column":0},"end":{"line":34,"column":27}},"34":{"start":{"line":35,"column":0},"end":{"line":35,"column":27}},"35":{"start":{"line":36,"column":0},"end":{"line":36,"column":32}},"36":{"start":{"line":37,"column":0},"end":{"line":37,"column":30}},"37":{"start":{"line":38,"column":0},"end":{"line":38,"column":24}},"38":{"start":{"line":39,"column":0},"end":{"line":39,"column":19}},"40":{"start":{"line":41,"column":0},"end":{"line":41,"column":31}},"41":{"start":{"line":42,"column":0},"end":{"line":42,"column":14}},"42":{"start":{"line":43,"column":0},"end":{"line":43,"column":19}},"44":{"start":{"line":45,"column":0},"end":{"line":45,"column":31}},"45":{"start":{"line":46,"column":0},"end":{"line":46,"column":14}},"46":{"start":{"line":47,"column":0},"end":{"line":47,"column":19}},"48":{"start":{"line":49,"column":0},"end":{"line":49,"column":31}},"49":{"start":{"line":50,"column":0},"end":{"line":50,"column":14}},"50":{"start":{"line":51,"column":0},"end":{"line":51,"column":18}},"52":{"start":{"line":53,"column":0},"end":{"line":53,"column":31}},"53":{"start":{"line":54,"column":0},"end":{"line":54,"column":14}},"54":{"start":{"line":55,"column":0},"end":{"line":55,"column":16}},"56":{"start":{"line":57,"column":0},"end":{"line":57,"column":31}},"57":{"start":{"line":58,"column":0},"end":{"line":58,"column":14}},"58":{"start":{"line":59,"column":0},"end":{"line":59,"column":12}},"60":{"start":{"line":61,"column":0},"end":{"line":61,"column":46}},"61":{"start":{"line":62,"column":0},"end":{"line":62,"column":37}},"62":{"start":{"line":63,"column":0},"end":{"line":63,"column":20}},"63":{"start":{"line":64,"column":0},"end":{"line":64,"column":26}},"64":{"start":{"line":65,"column":0},"end":{"line":65,"column":38}},"65":{"start":{"line":66,"column":0},"end":{"line":66,"column":69}},"67":{"start":{"line":68,"column":0},"end":{"line":68,"column":72}},"68":{"start":{"line":69,"column":0},"end":{"line":69,"column":28}},"70":{"start":{"line":71,"column":0},"end":{"line":71,"column":13}},"71":{"start":{"line":72,"column":0},"end":{"line":72,"column":17}},"72":{"start":{"line":73,"column":0},"end":{"line":73,"column":12}},"73":{"start":{"line":74,"column":0},"end":{"line":74,"column":7}},"74":{"start":{"line":75,"column":0},"end":{"line":75,"column":11}},"75":{"start":{"line":76,"column":0},"end":{"line":76,"column":2}},"77":{"start":{"line":78,"column":0},"end":{"line":78,"column":36}}},"s":{"0":1,"1":1,"2":1,"3":1,"4":1,"6":1,"7":1,"8":1,"13":1,"14":9,"16":9,"17":9,"19":7,"20":9,"21":9,"22":9,"23":9,"24":9,"25":7,"26":7,"27":7,"29":7,"30":7,"31":7,"32":7,"33":7,"34":7,"35":7,"36":7,"37":7,"38":7,"40":7,"41":7,"42":7,"44":7,"45":7,"46":7,"48":7,"49":7,"50":7,"52":7,"53":7,"54":7,"56":7,"57":7,"58":7,"60":7,"61":14,"62":14,"63":14,"64":14,"65":14,"67":14,"68":14,"70":7,"71":7,"72":7,"73":7,"74":0,"75":9,"77":1},"branchMap":{"0":{"type":"branch","line":14,"loc":{"start":{"line":14,"column":29},"end":{"line":76,"column":2}},"locations":[{"start":{"line":14,"column":29},"end":{"line":76,"column":2}}]},"1":{"type":"branch","line":17,"loc":{"start":{"line":17,"column":17},"end":{"line":18,"column":19}},"locations":[{"start":{"line":17,"column":17},"end":{"line":18,"column":19}}]},"2":{"type":"branch","line":17,"loc":{"start":{"line":17,"column":17},"end":{"line":17,"column":29}},"locations":[{"start":{"line":17,"column":17},"end":{"line":17,"column":29}}]},"3":{"type":"branch","line":17,"loc":{"start":{"line":17,"column":24},"end":{"line":18,"column":19}},"locations":[{"start":{"line":17,"column":24},"end":{"line":18,"column":19}}]},"4":{"type":"branch","line":18,"loc":{"start":{"line":18,"column":13},"end":{"line":18,"column":25}},"locations":[{"start":{"line":18,"column":13},"end":{"line":18,"column":25}}]},"5":{"type":"branch","line":18,"loc":{"start":{"line":18,"column":19},"end":{"line":21,"column":29}},"locations":[{"start":{"line":18,"column":19},"end":{"line":21,"column":29}}]},"6":{"type":"branch","line":21,"loc":{"start":{"line":21,"column":24},"end":{"line":21,"column":55}},"locations":[{"start":{"line":21,"column":24},"end":{"line":21,"column":55}}]},"7":{"type":"branch","line":21,"loc":{"start":{"line":21,"column":51},"end":{"line":21,"column":66}},"locations":[{"start":{"line":21,"column":51},"end":{"line":21,"column":66}}]},"8":{"type":"branch","line":24,"loc":{"start":{"line":24,"column":14},"end":{"line":24,"column":41}},"locations":[{"start":{"line":24,"column":14},"end":{"line":24,"column":41}}]},"9":{"type":"branch","line":25,"loc":{"start":{"line":25,"column":9},"end":{"line":74,"column":7}},"locations":[{"start":{"line":25,"column":9},"end":{"line":74,"column":7}}]},"10":{"type":"branch","line":74,"loc":{"start":{"line":74,"column":4},"end":{"line":75,"column":11}},"locations":[{"start":{"line":74,"column":4},"end":{"line":75,"column":11}}]},"11":{"type":"branch","line":61,"loc":{"start":{"line":61,"column":36},"end":{"line":71,"column":11}},"locations":[{"start":{"line":61,"column":36},"end":{"line":71,"column":11}}]}},"b":{"0":[9],"1":[8],"2":[2],"3":[7],"4":[0],"5":[7],"6":[0],"7":[7],"8":[7],"9":[7],"10":[0],"11":[14]},"fnMap":{"0":{"name":"AnimeRecommendations","decl":{"start":{"line":14,"column":29},"end":{"line":76,"column":2}},"loc":{"start":{"line":14,"column":29},"end":{"line":76,"column":2}},"line":14}},"f":{"0":9}}
,"/home/edyta/Pulpit/repos/anime-radar/src/components/AnimeTrailer.tsx": {"path":"/home/edyta/Pulpit/repos/anime-radar/src/components/AnimeTrailer.tsx","all":false,"statementMap":{"0":{"start":{"line":1,"column":0},"end":{"line":1,"column":47}},"5":{"start":{"line":6,"column":0},"end":{"line":6,"column":42}},"6":{"start":{"line":7,"column":0},"end":{"line":7,"column":16}},"7":{"start":{"line":8,"column":0},"end":{"line":8,"column":71}},"8":{"start":{"line":9,"column":0},"end":{"line":9,"column":67}},"9":{"start":{"line":10,"column":0},"end":{"line":10,"column":18}},"10":{"start":{"line":11,"column":0},"end":{"line":11,"column":11}},"11":{"start":{"line":12,"column":0},"end":{"line":12,"column":2}},"13":{"start":{"line":14,"column":0},"end":{"line":14,"column":28}}},"s":{"0":1,"5":1,"6":9,"7":9,"8":9,"9":9,"10":0,"11":9,"13":1},"branchMap":{"0":{"type":"branch","line":6,"loc":{"start":{"line":6,"column":21},"end":{"line":12,"column":2}},"locations":[{"start":{"line":6,"column":21},"end":{"line":12,"column":2}}]},"1":{"type":"branch","line":10,"loc":{"start":{"line":10,"column":4},"end":{"line":11,"column":11}},"locations":[{"start":{"line":10,"column":4},"end":{"line":11,"column":11}}]}},"b":{"0":[9],"1":[0]},"fnMap":{"0":{"name":"AnimeTrailer","decl":{"start":{"line":6,"column":21},"end":{"line":12,"column":2}},"loc":{"start":{"line":6,"column":21},"end":{"line":12,"column":2}},"line":6}},"f":{"0":9}}
,"/home/edyta/Pulpit/repos/anime-radar/src/components/CardsSkeleton.tsx": {"path":"/home/edyta/Pulpit/repos/anime-radar/src/components/CardsSkeleton.tsx","all":false,"statementMap":{"0":{"start":{"line":1,"column":0},"end":{"line":1,"column":8}},"6":{"start":{"line":7,"column":0},"end":{"line":7,"column":26}},"8":{"start":{"line":9,"column":0},"end":{"line":9,"column":33}},"9":{"start":{"line":10,"column":0},"end":{"line":10,"column":52}},"11":{"start":{"line":12,"column":0},"end":{"line":12,"column":10}},"12":{"start":{"line":13,"column":0},"end":{"line":13,"column":15}},"13":{"start":{"line":14,"column":0},"end":{"line":14,"column":20}},"14":{"start":{"line":15,"column":0},"end":{"line":15,"column":49}},"15":{"start":{"line":16,"column":0},"end":{"line":16,"column":18}},"16":{"start":{"line":17,"column":0},"end":{"line":17,"column":16}},"17":{"start":{"line":18,"column":0},"end":{"line":18,"column":29}},"19":{"start":{"line":20,"column":0},"end":{"line":20,"column":36}},"20":{"start":{"line":21,"column":0},"end":{"line":21,"column":16}},"21":{"start":{"line":22,"column":0},"end":{"line":22,"column":65}},"22":{"start":{"line":23,"column":0},"end":{"line":23,"column":71}},"23":{"start":{"line":24,"column":0},"end":{"line":24,"column":22}},"24":{"start":{"line":25,"column":0},"end":{"line":25,"column":43}},"25":{"start":{"line":26,"column":0},"end":{"line":26,"column":23}},"26":{"start":{"line":27,"column":0},"end":{"line":27,"column":17}},"28":{"start":{"line":29,"column":0},"end":{"line":29,"column":9}},"29":{"start":{"line":30,"column":0},"end":{"line":30,"column":17}},"31":{"start":{"line":32,"column":0},"end":{"line":32,"column":2}},"33":{"start":{"line":34,"column":0},"end":{"line":34,"column":33}}},"s":{"0":1,"6":1,"8":1,"9":40,"11":40,"12":40,"13":40,"14":40,"15":40,"16":40,"17":40,"19":40,"20":400,"21":400,"22":400,"23":400,"24":400,"25":400,"26":400,"28":40,"29":40,"31":40,"33":1},"branchMap":{"0":{"type":"branch","line":9,"loc":{"start":{"line":9,"column":26},"end":{"line":32,"column":2}},"locations":[{"start":{"line":9,"column":26},"end":{"line":32,"column":2}}]},"1":{"type":"branch","line":20,"loc":{"start":{"line":20,"column":21},"end":{"line":29,"column":7}},"locations":[{"start":{"line":20,"column":21},"end":{"line":29,"column":7}}]}},"b":{"0":[40],"1":[400]},"fnMap":{"0":{"name":"AnimeCardSkeleton","decl":{"start":{"line":9,"column":26},"end":{"line":32,"column":2}},"loc":{"start":{"line":9,"column":26},"end":{"line":32,"column":2}},"line":9}},"f":{"0":40}}
,"/home/edyta/Pulpit/repos/anime-radar/src/components/DefaultSelector.tsx": {"path":"/home/edyta/Pulpit/repos/anime-radar/src/components/DefaultSelector.tsx","all":false,"statementMap":{"0":{"start":{"line":1,"column":0},"end":{"line":1,"column":62}},"1":{"start":{"line":2,"column":0},"end":{"line":2,"column":80}},"2":{"start":{"line":3,"column":0},"end":{"line":3,"column":50}},"10":{"start":{"line":11,"column":0},"end":{"line":11,"column":26}},"11":{"start":{"line":12,"column":0},"end":{"line":12,"column":17}},"12":{"start":{"line":13,"column":0},"end":{"line":13,"column":10}},"13":{"start":{"line":14,"column":0},"end":{"line":14,"column":19}},"14":{"start":{"line":15,"column":0},"end":{"line":15,"column":23}},"15":{"start":{"line":16,"column":0},"end":{"line":16,"column":14}},"16":{"start":{"line":17,"column":0},"end":{"line":17,"column":10}},"17":{"start":{"line":18,"column":0},"end":{"line":18,"column":10}},"18":{"start":{"line":19,"column":0},"end":{"line":19,"column":62}},"19":{"start":{"line":20,"column":0},"end":{"line":20,"column":17}},"20":{"start":{"line":21,"column":0},"end":{"line":21,"column":19}},"21":{"start":{"line":22,"column":0},"end":{"line":22,"column":16}},"22":{"start":{"line":23,"column":0},"end":{"line":23,"column":39}},"23":{"start":{"line":24,"column":0},"end":{"line":24,"column":19}},"24":{"start":{"line":25,"column":0},"end":{"line":25,"column":22}},"25":{"start":{"line":26,"column":0},"end":{"line":26,"column":24}},"26":{"start":{"line":27,"column":0},"end":{"line":27,"column":33}},"27":{"start":{"line":28,"column":0},"end":{"line":28,"column":29}},"28":{"start":{"line":29,"column":0},"end":{"line":29,"column":18}},"29":{"start":{"line":30,"column":0},"end":{"line":30,"column":47}},"30":{"start":{"line":31,"column":0},"end":{"line":31,"column":46}},"32":{"start":{"line":33,"column":0},"end":{"line":33,"column":21}},"35":{"start":{"line":36,"column":0},"end":{"line":36,"column":28}},"36":{"start":{"line":37,"column":0},"end":{"line":37,"column":37}},"37":{"start":{"line":38,"column":0},"end":{"line":38,"column":14}},"39":{"start":{"line":40,"column":0},"end":{"line":40,"column":32}},"40":{"start":{"line":41,"column":0},"end":{"line":41,"column":21}},"41":{"start":{"line":42,"column":0},"end":{"line":42,"column":11}},"42":{"start":{"line":43,"column":0},"end":{"line":43,"column":17}},"43":{"start":{"line":44,"column":0},"end":{"line":44,"column":11}},"45":{"start":{"line":46,"column":0},"end":{"line":46,"column":2}},"47":{"start":{"line":48,"column":0},"end":{"line":48,"column":31}}},"s":{"0":1,"1":1,"2":1,"10":1,"11":299,"12":299,"13":299,"14":299,"15":299,"16":299,"17":299,"18":299,"19":299,"20":299,"21":299,"22":299,"23":1489,"24":1489,"25":1489,"26":1489,"27":1489,"28":1489,"29":1489,"30":111,"32":1378,"35":1489,"36":9,"37":9,"39":1489,"40":1489,"41":299,"42":299,"43":299,"45":299,"47":1},"branchMap":{"0":{"type":"branch","line":11,"loc":{"start":{"line":11,"column":24},"end":{"line":46,"column":2}},"locations":[{"start":{"line":11,"column":24},"end":{"line":46,"column":2}}]},"1":{"type":"branch","line":23,"loc":{"start":{"line":23,"column":28},"end":{"line":41,"column":21}},"locations":[{"start":{"line":23,"column":28},"end":{"line":41,"column":21}}]},"2":{"type":"branch","line":30,"loc":{"start":{"line":30,"column":39},"end":{"line":31,"column":46}},"locations":[{"start":{"line":30,"column":39},"end":{"line":31,"column":46}}]},"3":{"type":"branch","line":31,"loc":{"start":{"line":31,"column":44},"end":{"line":33,"column":21}},"locations":[{"start":{"line":31,"column":44},"end":{"line":33,"column":21}}]},"4":{"type":"branch","line":36,"loc":{"start":{"line":36,"column":21},"end":{"line":38,"column":14}},"locations":[{"start":{"line":36,"column":21},"end":{"line":38,"column":14}}]}},"b":{"0":[299],"1":[1489],"2":[111],"3":[1378],"4":[9]},"fnMap":{"0":{"name":"DefaultSelector","decl":{"start":{"line":11,"column":24},"end":{"line":46,"column":2}},"loc":{"start":{"line":11,"column":24},"end":{"line":46,"column":2}},"line":11},"1":{"name":"onClick","decl":{"start":{"line":36,"column":21},"end":{"line":38,"column":14}},"loc":{"start":{"line":36,"column":21},"end":{"line":38,"column":14}},"line":36}},"f":{"0":299,"1":9}}
[...]
,"/home/edyta/Pulpit/repos/anime-radar/src/hooks/useGenre.ts": {"path":"/home/edyta/Pulpit/repos/anime-radar/src/hooks/useGenre.ts","all":false,"statementMap":{"0":{"start":{"line":1,"column":0},"end":{"line":1,"column":36}},"2":{"start":{"line":3,"column":0},"end":{"line":3,"column":35}},"3":{"start":{"line":4,"column":0},"end":{"line":4,"column":39}},"4":{"start":{"line":5,"column":0},"end":{"line":5,"column":70}},"5":{"start":{"line":6,"column":0},"end":{"line":6,"column":25}},"6":{"start":{"line":7,"column":0},"end":{"line":7,"column":2}},"8":{"start":{"line":9,"column":0},"end":{"line":9,"column":24}}},"s":{"0":1,"2":1,"3":119,"4":119,"5":119,"6":119,"8":1},"branchMap":{"0":{"type":"branch","line":3,"loc":{"start":{"line":3,"column":17},"end":{"line":7,"column":2}},"locations":[{"start":{"line":3,"column":17},"end":{"line":7,"column":2}}]},"1":{"type":"branch","line":5,"loc":{"start":{"line":5,"column":20},"end":{"line":5,"column":33}},"locations":[{"start":{"line":5,"column":20},"end":{"line":5,"column":33}}]},"2":{"type":"branch","line":6,"loc":{"start":{"line":6,"column":9},"end":{"line":6,"column":25}},"locations":[{"start":{"line":6,"column":9},"end":{"line":6,"column":25}}]},"3":{"type":"branch","line":5,"loc":{"start":{"line":5,"column":38},"end":{"line":5,"column":68}},"locations":[{"start":{"line":5,"column":38},"end":{"line":5,"column":68}}]}},"b":{"0":[119],"1":[88],"2":[23],"3":[228]},"fnMap":{"0":{"name":"useGenre","decl":{"start":{"line":3,"column":17},"end":{"line":7,"column":2}},"loc":{"start":{"line":3,"column":17},"end":{"line":7,"column":2}},"line":3}},"f":{"0":119}}
,"/home/edyta/Pulpit/repos/anime-radar/src/hooks/useGenres.ts": {"path":"/home/edyta/Pulpit/repos/anime-radar/src/hooks/useGenres.ts","all":false,"statementMap":{"0":{"start":{"line":1,"column":0},"end":{"line":1,"column":47}},"2":{"start":{"line":3,"column":0},"end":{"line":3,"column":49}},"3":{"start":{"line":4,"column":0},"end":{"line":4,"column":20}},"5":{"start":{"line":6,"column":0},"end":{"line":6,"column":59}},"7":{"start":{"line":8,"column":0},"end":{"line":8,"column":25}},"8":{"start":{"line":9,"column":0},"end":{"line":9,"column":19}},"9":{"start":{"line":10,"column":0},"end":{"line":10,"column":25}},"10":{"start":{"line":11,"column":0},"end":{"line":11,"column":41}},"11":{"start":{"line":12,"column":0},"end":{"line":12,"column":25}},"12":{"start":{"line":13,"column":0},"end":{"line":13,"column":5}},"13":{"start":{"line":14,"column":0},"end":{"line":14,"column":2}},"14":{"start":{"line":15,"column":0},"end":{"line":15,"column":25}}},"s":{"0":1,"2":1,"3":1,"5":1,"7":1,"8":218,"9":218,"10":218,"11":218,"12":218,"13":218,"14":1},"branchMap":{"0":{"type":"branch","line":8,"loc":{"start":{"line":8,"column":18},"end":{"line":14,"column":2}},"locations":[{"start":{"line":8,"column":18},"end":{"line":14,"column":2}}]},"1":{"type":"branch","line":11,"loc":{"start":{"line":11,"column":13},"end":{"line":11,"column":41}},"locations":[{"start":{"line":11,"column":13},"end":{"line":11,"column":41}}]}},"b":{"0":[218],"1":[23]},"fnMap":{"0":{"name":"useGenres","decl":{"start":{"line":8,"column":18},"end":{"line":14,"column":2}},"loc":{"start":{"line":8,"column":18},"end":{"line":14,"column":2}},"line":8},"1":{"name":"queryFn","decl":{"start":{"line":11,"column":13},"end":{"line":11,"column":41}},"loc":{"start":{"line":11,"column":13},"end":{"line":11,"column":41}},"line":11}},"f":{"0":218,"1":23}}
,"/home/edyta/Pulpit/repos/anime-radar/src/hooks/useRecommendations.ts": {"path":"/home/edyta/Pulpit/repos/anime-radar/src/hooks/useRecommendations.ts","all":false,"statementMap":{"0":{"start":{"line":1,"column":0},"end":{"line":1,"column":61}},"1":{"start":{"line":2,"column":0},"end":{"line":2,"column":47}},"18":{"start":{"line":19,"column":0},"end":{"line":19,"column":70}},"20":{"start":{"line":21,"column":0},"end":{"line":21,"column":76}},"21":{"start":{"line":22,"column":0},"end":{"line":22,"column":19}},"22":{"start":{"line":23,"column":0},"end":{"line":23,"column":38}},"23":{"start":{"line":24,"column":0},"end":{"line":24,"column":55}},"24":{"start":{"line":25,"column":0},"end":{"line":25,"column":14}},"25":{"start":{"line":26,"column":0},"end":{"line":26,"column":21}},"26":{"start":{"line":27,"column":0},"end":{"line":27,"column":5}},"27":{"start":{"line":28,"column":0},"end":{"line":28,"column":2}},"28":{"start":{"line":29,"column":0},"end":{"line":29,"column":34}}},"s":{"0":1,"1":1,"18":1,"20":1,"21":9,"22":9,"23":9,"24":9,"25":9,"26":9,"27":9,"28":1},"branchMap":{"0":{"type":"branch","line":21,"loc":{"start":{"line":21,"column":27},"end":{"line":28,"column":2}},"locations":[{"start":{"line":21,"column":27},"end":{"line":28,"column":2}}]},"1":{"type":"branch","line":24,"loc":{"start":{"line":24,"column":13},"end":{"line":24,"column":55}},"locations":[{"start":{"line":24,"column":13},"end":{"line":24,"column":55}}]}},"b":{"0":[9],"1":[8]},"fnMap":{"0":{"name":"useRecommendations","decl":{"start":{"line":21,"column":27},"end":{"line":28,"column":2}},"loc":{"start":{"line":21,"column":27},"end":{"line":28,"column":2}},"line":21},"1":{"name":"queryFn","decl":{"start":{"line":24,"column":13},"end":{"line":24,"column":55}},"loc":{"start":{"line":24,"column":13},"end":{"line":24,"column":55}},"line":24}},"f":{"0":9,"1":8}}
,"/home/edyta/Pulpit/repos/anime-radar/src/pages/ErrorPage.tsx": {"path":"/home/edyta/Pulpit/repos/anime-radar/src/pages/ErrorPage.tsx","all":false,"statementMap":{"0":{"start":{"line":1,"column":0},"end":{"line":1,"column":48}},"2":{"start":{"line":3,"column":0},"end":{"line":3,"column":71}},"3":{"start":{"line":4,"column":0},"end":{"line":4,"column":42}},"5":{"start":{"line":6,"column":0},"end":{"line":6,"column":25}},"6":{"start":{"line":7,"column":0},"end":{"line":7,"column":32}},"7":{"start":{"line":8,"column":0},"end":{"line":8,"column":10}},"8":{"start":{"line":9,"column":0},"end":{"line":9,"column":6}},"9":{"start":{"line":10,"column":0},"end":{"line":10,"column":16}},"10":{"start":{"line":11,"column":0},"end":{"line":11,"column":26}},"11":{"start":{"line":12,"column":0},"end":{"line":12,"column":34}},"12":{"start":{"line":13,"column":0},"end":{"line":13,"column":11}},"13":{"start":{"line":14,"column":0},"end":{"line":14,"column":38}},"14":{"start":{"line":15,"column":0},"end":{"line":15,"column":41}},"15":{"start":{"line":16,"column":0},"end":{"line":16,"column":45}},"16":{"start":{"line":17,"column":0},"end":{"line":17,"column":12}},"17":{"start":{"line":18,"column":0},"end":{"line":18,"column":12}},"18":{"start":{"line":19,"column":0},"end":{"line":19,"column":7}},"20":{"start":{"line":21,"column":0},"end":{"line":21,"column":2}},"22":{"start":{"line":23,"column":0},"end":{"line":23,"column":25}}},"s":{"0":1,"2":1,"3":1,"5":1,"6":1,"7":1,"8":1,"9":1,"10":1,"11":1,"12":1,"13":1,"14":1,"15":0,"16":1,"17":1,"18":1,"20":1,"22":1},"branchMap":{"0":{"type":"branch","line":6,"loc":{"start":{"line":6,"column":18},"end":{"line":21,"column":2}},"locations":[{"start":{"line":6,"column":18},"end":{"line":21,"column":2}}]},"1":{"type":"branch","line":15,"loc":{"start":{"line":15,"column":14},"end":{"line":16,"column":45}},"locations":[{"start":{"line":15,"column":14},"end":{"line":16,"column":45}}]}},"b":{"0":[1],"1":[0]},"fnMap":{"0":{"name":"ErrorPage","decl":{"start":{"line":6,"column":18},"end":{"line":21,"column":2}},"loc":{"start":{"line":6,"column":18},"end":{"line":21,"column":2}},"line":6}},"f":{"0":1}}
,"/home/edyta/Pulpit/repos/anime-radar/src/pages/HomePage.tsx": {"path":"/home/edyta/Pulpit/repos/anime-radar/src/pages/HomePage.tsx","all":false,"statementMap":{"0":{"start":{"line":1,"column":0},"end":{"line":1,"column":65}},"1":{"start":{"line":2,"column":0},"end":{"line":2,"column":26}},"2":{"start":{"line":3,"column":0},"end":{"line":3,"column":61}},"3":{"start":{"line":4,"column":0},"end":{"line":4,"column":48}},"4":{"start":{"line":5,"column":0},"end":{"line":5,"column":54}},"5":{"start":{"line":6,"column":0},"end":{"line":6,"column":56}},"6":{"start":{"line":7,"column":0},"end":{"line":7,"column":50}},"7":{"start":{"line":8,"column":0},"end":{"line":8,"column":43}},"8":{"start":{"line":9,"column":0},"end":{"line":9,"column":42}},"10":{"start":{"line":11,"column":0},"end":{"line":11,"column":24}},"11":{"start":{"line":12,"column":0},"end":{"line":12,"column":61}},"12":{"start":{"line":13,"column":0},"end":{"line":13,"column":9}},"13":{"start":{"line":14,"column":0},"end":{"line":14,"column":17}},"14":{"start":{"line":15,"column":0},"end":{"line":15,"column":22}},"15":{"start":{"line":16,"column":0},"end":{"line":16,"column":30}},"16":{"start":{"line":17,"column":0},"end":{"line":17,"column":18}},"17":{"start":{"line":18,"column":0},"end":{"line":18,"column":16}},"18":{"start":{"line":19,"column":0},"end":{"line":19,"column":28}},"19":{"start":{"line":20,"column":0},"end":{"line":20,"column":28}},"20":{"start":{"line":21,"column":0},"end":{"line":21,"column":76}},"21":{"start":{"line":22,"column":0},"end":{"line":22,"column":25}},"22":{"start":{"line":23,"column":0},"end":{"line":23,"column":22}},"23":{"start":{"line":24,"column":0},"end":{"line":24,"column":10}},"24":{"start":{"line":25,"column":0},"end":{"line":25,"column":6}},"25":{"start":{"line":26,"column":0},"end":{"line":26,"column":11}},"26":{"start":{"line":27,"column":0},"end":{"line":27,"column":54}},"27":{"start":{"line":28,"column":0},"end":{"line":28,"column":54}},"29":{"start":{"line":30,"column":0},"end":{"line":30,"column":26}},"31":{"start":{"line":32,"column":0},"end":{"line":32,"column":17}},"32":{"start":{"line":33,"column":0},"end":{"line":33,"column":33}},"33":{"start":{"line":34,"column":0},"end":{"line":34,"column":44}},"34":{"start":{"line":35,"column":0},"end":{"line":35,"column":29}},"36":{"start":{"line":37,"column":0},"end":{"line":37,"column":30}},"37":{"start":{"line":38,"column":0},"end":{"line":38,"column":28}},"38":{"start":{"line":39,"column":0},"end":{"line":39,"column":19}},"41":{"start":{"line":42,"column":0},"end":{"line":42,"column":25}},"42":{"start":{"line":43,"column":0},"end":{"line":43,"column":32}},"43":{"start":{"line":44,"column":0},"end":{"line":44,"column":35}},"44":{"start":{"line":45,"column":0},"end":{"line":45,"column":32}},"45":{"start":{"line":46,"column":0},"end":{"line":46,"column":43}},"47":{"start":{"line":48,"column":0},"end":{"line":48,"column":17}},"48":{"start":{"line":49,"column":0},"end":{"line":49,"column":32}},"49":{"start":{"line":50,"column":0},"end":{"line":50,"column":38}},"50":{"start":{"line":51,"column":0},"end":{"line":51,"column":33}},"51":{"start":{"line":52,"column":0},"end":{"line":52,"column":20}},"53":{"start":{"line":54,"column":0},"end":{"line":54,"column":49}},"54":{"start":{"line":55,"column":0},"end":{"line":55,"column":42}},"55":{"start":{"line":56,"column":0},"end":{"line":56,"column":48}},"56":{"start":{"line":57,"column":0},"end":{"line":57,"column":31}},"57":{"start":{"line":58,"column":0},"end":{"line":58,"column":15}},"58":{"start":{"line":59,"column":0},"end":{"line":59,"column":27}},"59":{"start":{"line":60,"column":0},"end":{"line":60,"column":19}},"60":{"start":{"line":61,"column":0},"end":{"line":61,"column":13}},"61":{"start":{"line":62,"column":0},"end":{"line":62,"column":7}},"63":{"start":{"line":64,"column":0},"end":{"line":64,"column":2}},"65":{"start":{"line":66,"column":0},"end":{"line":66,"column":24}}},"s":{"0":1,"1":1,"2":1,"3":1,"4":1,"5":1,"6":1,"7":1,"8":1,"10":1,"11":79,"12":79,"13":79,"14":79,"15":79,"16":79,"17":79,"18":79,"19":79,"20":79,"21":79,"22":79,"23":79,"24":79,"25":79,"26":79,"27":79,"29":79,"31":79,"32":79,"33":79,"34":79,"36":79,"37":79,"38":79,"41":79,"42":79,"43":79,"44":79,"45":79,"47":79,"48":79,"49":40,"50":40,"51":40,"53":79,"54":39,"55":39,"56":39,"57":79,"58":79,"59":79,"60":79,"61":79,"63":79,"65":1},"branchMap":{"0":{"type":"branch","line":11,"loc":{"start":{"line":11,"column":17},"end":{"line":64,"column":2}},"locations":[{"start":{"line":11,"column":17},"end":{"line":64,"column":2}}]},"1":{"type":"branch","line":21,"loc":{"start":{"line":21,"column":4},"end":{"line":21,"column":18}},"locations":[{"start":{"line":21,"column":4},"end":{"line":21,"column":18}}]},"2":{"type":"branch","line":21,"loc":{"start":{"line":21,"column":69},"end":{"line":21,"column":76}},"locations":[{"start":{"line":21,"column":69},"end":{"line":21,"column":76}}]},"3":{"type":"branch","line":49,"loc":{"start":{"line":49,"column":13},"end":{"line":52,"column":20}},"locations":[{"start":{"line":49,"column":13},"end":{"line":52,"column":20}}]},"4":{"type":"branch","line":54,"loc":{"start":{"line":54,"column":13},"end":{"line":54,"column":27}},"locations":[{"start":{"line":54,"column":13},"end":{"line":54,"column":27}}]},"5":{"type":"branch","line":12,"loc":{"start":{"line":12,"column":40},"end":{"line":12,"column":59}},"locations":[{"start":{"line":12,"column":40},"end":{"line":12,"column":59}}]},"6":{"type":"branch","line":21,"loc":{"start":{"line":21,"column":25},"end":{"line":21,"column":68}},"locations":[{"start":{"line":21,"column":25},"end":{"line":21,"column":68}}]},"7":{"type":"branch","line":54,"loc":{"start":{"line":54,"column":31},"end":{"line":57,"column":31}},"locations":[{"start":{"line":54,"column":31},"end":{"line":57,"column":31}}]}},"b":{"0":[79],"1":[39],"2":[44],"3":[40],"4":[39],"5":[98],"6":[39],"7":[39]},"fnMap":{"0":{"name":"HomePage","decl":{"start":{"line":11,"column":17},"end":{"line":64,"column":2}},"loc":{"start":{"line":11,"column":17},"end":{"line":64,"column":2}},"line":11}},"f":{"0":79}}
,"/home/edyta/Pulpit/repos/anime-radar/src/pages/Layout.tsx": {"path":"/home/edyta/Pulpit/repos/anime-radar/src/pages/Layout.tsx","all":false,"statementMap":{"0":{"start":{"line":1,"column":0},"end":{"line":1,"column":26}},"1":{"start":{"line":2,"column":0},"end":{"line":2,"column":42}},"2":{"start":{"line":3,"column":0},"end":{"line":3,"column":42}},"4":{"start":{"line":5,"column":0},"end":{"line":5,"column":22}},"5":{"start":{"line":6,"column":0},"end":{"line":6,"column":10}},"6":{"start":{"line":7,"column":0},"end":{"line":7,"column":6}},"7":{"start":{"line":8,"column":0},"end":{"line":8,"column":16}},"8":{"start":{"line":9,"column":0},"end":{"line":9,"column":16}},"9":{"start":{"line":10,"column":0},"end":{"line":10,"column":7}},"11":{"start":{"line":12,"column":0},"end":{"line":12,"column":2}},"13":{"start":{"line":14,"column":0},"end":{"line":14,"column":22}}},"s":{"0":1,"1":1,"2":1,"4":1,"5":9,"6":9,"7":9,"8":9,"9":9,"11":9,"13":1},"branchMap":{"0":{"type":"branch","line":5,"loc":{"start":{"line":5,"column":15},"end":{"line":12,"column":2}},"locations":[{"start":{"line":5,"column":15},"end":{"line":12,"column":2}}]}},"b":{"0":[9]},"fnMap":{"0":{"name":"Layout","decl":{"start":{"line":5,"column":15},"end":{"line":12,"column":2}},"loc":{"start":{"line":5,"column":15},"end":{"line":12,"column":2}},"line":5}},"f":{"0":9}}
,"/home/edyta/Pulpit/repos/anime-radar/src/services/api-client.ts": {"path":"/home/edyta/Pulpit/repos/anime-radar/src/services/api-client.ts","all":false,"statementMap":{"0":{"start":{"line":1,"column":0},"end":{"line":1,"column":50}},"16":{"start":{"line":17,"column":0},"end":{"line":17,"column":36}},"17":{"start":{"line":18,"column":0},"end":{"line":18,"column":38}},"18":{"start":{"line":19,"column":0},"end":{"line":19,"column":3}},"20":{"start":{"line":21,"column":0},"end":{"line":21,"column":20}},"21":{"start":{"line":22,"column":0},"end":{"line":22,"column":19}},"23":{"start":{"line":24,"column":0},"end":{"line":24,"column":33}},"24":{"start":{"line":25,"column":0},"end":{"line":25,"column":29}},"25":{"start":{"line":26,"column":0},"end":{"line":26,"column":3}},"27":{"start":{"line":28,"column":0},"end":{"line":28,"column":45}},"28":{"start":{"line":29,"column":0},"end":{"line":29,"column":24}},"29":{"start":{"line":30,"column":0},"end":{"line":30,"column":51}},"30":{"start":{"line":31,"column":0},"end":{"line":31,"column":31}},"31":{"start":{"line":32,"column":0},"end":{"line":32,"column":4}},"32":{"start":{"line":33,"column":0},"end":{"line":33,"column":54}},"33":{"start":{"line":34,"column":0},"end":{"line":34,"column":24}},"34":{"start":{"line":35,"column":0},"end":{"line":35,"column":55}},"35":{"start":{"line":36,"column":0},"end":{"line":36,"column":31}},"36":{"start":{"line":37,"column":0},"end":{"line":37,"column":4}},"37":{"start":{"line":38,"column":0},"end":{"line":38,"column":1}},"38":{"start":{"line":39,"column":0},"end":{"line":39,"column":25}}},"s":{"0":1,"16":1,"17":1,"18":1,"20":25,"21":25,"23":25,"24":25,"25":25,"27":25,"28":63,"29":63,"30":63,"31":63,"32":25,"33":27,"34":27,"35":27,"36":27,"37":25,"38":1},"branchMap":{"0":{"type":"branch","line":21,"loc":{"start":{"line":21,"column":0},"end":{"line":38,"column":1}},"locations":[{"start":{"line":21,"column":0},"end":{"line":38,"column":1}}]},"1":{"type":"branch","line":24,"loc":{"start":{"line":24,"column":2},"end":{"line":26,"column":3}},"locations":[{"start":{"line":24,"column":2},"end":{"line":26,"column":3}}]},"2":{"type":"branch","line":28,"loc":{"start":{"line":28,"column":11},"end":{"line":32,"column":4}},"locations":[{"start":{"line":28,"column":11},"end":{"line":32,"column":4}}]},"3":{"type":"branch","line":31,"loc":{"start":{"line":31,"column":12},"end":{"line":31,"column":29}},"locations":[{"start":{"line":31,"column":12},"end":{"line":31,"column":29}}]},"4":{"type":"branch","line":33,"loc":{"start":{"line":33,"column":8},"end":{"line":37,"column":4}},"locations":[{"start":{"line":33,"column":8},"end":{"line":37,"column":4}}]},"5":{"type":"branch","line":36,"loc":{"start":{"line":36,"column":12},"end":{"line":36,"column":29}},"locations":[{"start":{"line":36,"column":12},"end":{"line":36,"column":29}}]}},"b":{"0":[25],"1":[25],"2":[63],"3":[63],"4":[27],"5":[27]},"fnMap":{"0":{"name":"<instance_members_initializer>","decl":{"start":{"line":21,"column":0},"end":{"line":38,"column":1}},"loc":{"start":{"line":21,"column":0},"end":{"line":38,"column":1}},"line":21},"1":{"name":"APIClient","decl":{"start":{"line":24,"column":2},"end":{"line":26,"column":3}},"loc":{"start":{"line":24,"column":2},"end":{"line":26,"column":3}},"line":24},"2":{"name":"getAll","decl":{"start":{"line":28,"column":11},"end":{"line":32,"column":4}},"loc":{"start":{"line":28,"column":11},"end":{"line":32,"column":4}},"line":28},"3":{"name":"get","decl":{"start":{"line":33,"column":8},"end":{"line":37,"column":4}},"loc":{"start":{"line":33,"column":8},"end":{"line":37,"column":4}},"line":33}},"f":{"0":25,"1":25,"2":63,"3":27}}
}
